INFO  2016-08-22 17:09:43,633 [loginfo] 任务调度初始化成功！
INFO  2016-08-22 17:09:44,321 [loginfo] 任务“测试任务,输出当前时间”启动成功,未来5次运行时间如下:
INFO  2016-08-22 17:09:44,369 [loginfo] 2016/8/22 17:09:50
INFO  2016-08-22 17:09:44,369 [loginfo] 2016/8/22 17:10:00
INFO  2016-08-22 17:09:44,369 [loginfo] 2016/8/22 17:10:10
INFO  2016-08-22 17:09:44,369 [loginfo] 2016/8/22 17:10:20
INFO  2016-08-22 17:09:44,369 [loginfo] 2016/8/22 17:10:30
INFO  2016-08-22 17:09:44,369 [loginfo] 任务“取消超时订单”启动成功,未来5次运行时间如下:
INFO  2016-08-22 17:09:44,370 [loginfo] 2016/8/22 17:10:00
INFO  2016-08-22 17:09:44,370 [loginfo] 2016/8/22 17:10:20
INFO  2016-08-22 17:09:44,370 [loginfo] 2016/8/22 17:10:40
INFO  2016-08-22 17:09:44,370 [loginfo] 2016/8/22 17:11:00
INFO  2016-08-22 17:09:44,370 [loginfo] 2016/8/22 17:11:20
INFO  2016-08-22 17:09:44,370 [loginfo] 任务调度启动成功！
INFO  2016-08-22 17:09:51,266 [loginfo] 任务 测试任务,输出当前时间 开始 
INFO  2016-08-22 17:09:51,266 [loginfo] 测试任务,输出当前时间,当前系统时间:2016-08-22 17:09:51
INFO  2016-08-22 17:10:00,003 [loginfo] 任务 取消超时订单 开始 
INFO  2016-08-22 17:10:00,003 [loginfo] 取消超时订单,当前系统时间:2016-08-22 17:10:00
INFO  2016-08-22 17:10:00,267 [loginfo] 任务 测试任务,输出当前时间 结束 成功执行
INFO  2016-08-22 17:10:00,284 [loginfo] 任务 测试任务,输出当前时间 开始 
INFO  2016-08-22 17:10:00,285 [loginfo] 测试任务,输出当前时间,当前系统时间:2016-08-22 17:10:00
INFO  2016-08-22 17:10:09,003 [loginfo] 任务 取消超时订单 结束 成功执行
INFO  2016-08-22 17:10:09,285 [loginfo] 任务 测试任务,输出当前时间 结束 成功执行
INFO  2016-08-22 17:10:10,006 [loginfo] 任务 测试任务,输出当前时间 开始 
INFO  2016-08-22 17:10:10,007 [loginfo] 测试任务,输出当前时间,当前系统时间:2016-08-22 17:10:10
