INFO  2016-09-05 15:56:08,296 [loginfo] 任务调度初始化成功！
INFO  2016-09-05 15:56:08,355 [loginfo] 任务“测试任务,输出当前时间”启动成功,未来5次运行时间如下:
INFO  2016-09-05 15:56:08,359 [loginfo] 2016/9/5 15:56:10
INFO  2016-09-05 15:56:08,359 [loginfo] 2016/9/5 15:56:20
INFO  2016-09-05 15:56:08,359 [loginfo] 2016/9/5 15:56:30
INFO  2016-09-05 15:56:08,359 [loginfo] 2016/9/5 15:56:40
INFO  2016-09-05 15:56:08,359 [loginfo] 2016/9/5 15:56:50
INFO  2016-09-05 15:56:08,362 [loginfo] 任务“取消超时订单”启动成功,未来5次运行时间如下:
INFO  2016-09-05 15:56:08,362 [loginfo] 2016/9/5 15:56:20
INFO  2016-09-05 15:56:08,362 [loginfo] 2016/9/5 15:56:40
INFO  2016-09-05 15:56:08,362 [loginfo] 2016/9/5 15:57:00
INFO  2016-09-05 15:56:08,362 [loginfo] 2016/9/5 15:57:20
INFO  2016-09-05 15:56:08,362 [loginfo] 2016/9/5 15:57:40
INFO  2016-09-05 15:56:08,362 [loginfo] 任务调度启动成功！
INFO  2016-09-05 15:56:10,446 [loginfo] 任务 测试任务,输出当前时间 开始 
INFO  2016-09-05 15:56:10,446 [loginfo] 测试任务,输出当前时间,当前系统时间:2016-09-05 15:56:10
INFO  2016-09-05 15:56:19,447 [loginfo] 任务 测试任务,输出当前时间 结束 成功执行
INFO  2016-09-05 15:56:20,019 [loginfo] 任务 测试任务,输出当前时间 开始 
INFO  2016-09-05 15:56:20,019 [loginfo] 测试任务,输出当前时间,当前系统时间:2016-09-05 15:56:20
INFO  2016-09-05 15:56:20,020 [loginfo] 任务 取消超时订单 开始 
INFO  2016-09-05 15:56:20,020 [loginfo] 取消超时订单,当前系统时间:2016-09-05 15:56:20
INFO  2016-09-05 15:56:29,020 [loginfo] 任务 测试任务,输出当前时间 结束 成功执行
INFO  2016-09-05 15:56:29,021 [loginfo] 任务 取消超时订单 结束 成功执行
