INFO  2016-10-31 16:38:16,910 [loginfo] 任务调度初始化成功！
INFO  2016-10-31 16:38:17,236 [loginfo] 任务“测试任务,输出当前时间”启动成功,未来5次运行时间如下:
INFO  2016-10-31 16:38:17,284 [loginfo] 2016/10/31 16:38:20
INFO  2016-10-31 16:38:17,284 [loginfo] 2016/10/31 16:38:30
INFO  2016-10-31 16:38:17,284 [loginfo] 2016/10/31 16:38:40
INFO  2016-10-31 16:38:17,284 [loginfo] 2016/10/31 16:38:50
INFO  2016-10-31 16:38:17,284 [loginfo] 2016/10/31 16:39:00
INFO  2016-10-31 16:38:17,284 [loginfo] 任务“取消超时订单”启动成功,未来5次运行时间如下:
INFO  2016-10-31 16:38:17,285 [loginfo] 2016/10/31 16:38:20
INFO  2016-10-31 16:38:17,285 [loginfo] 2016/10/31 16:38:40
INFO  2016-10-31 16:38:17,285 [loginfo] 2016/10/31 16:39:00
INFO  2016-10-31 16:38:17,285 [loginfo] 2016/10/31 16:39:20
INFO  2016-10-31 16:38:17,285 [loginfo] 2016/10/31 16:39:40
INFO  2016-10-31 16:38:17,335 [loginfo] 任务调度启动成功！
INFO  2016-10-31 16:38:20,808 [loginfo] 任务 取消超时订单 开始 
INFO  2016-10-31 16:38:20,808 [loginfo] 取消超时订单,当前系统时间:2016-10-31 16:38:20
INFO  2016-10-31 16:38:20,824 [loginfo] 任务 测试任务,输出当前时间 开始 
INFO  2016-10-31 16:38:20,824 [loginfo] 测试任务,输出当前时间,当前系统时间:2016-10-31 16:38:20
INFO  2016-10-31 16:38:29,810 [loginfo] 任务 取消超时订单 结束 成功执行
INFO  2016-10-31 16:38:29,825 [loginfo] 任务 测试任务,输出当前时间 结束 成功执行
INFO  2016-10-31 16:38:30,015 [loginfo] 任务 测试任务,输出当前时间 开始 
INFO  2016-10-31 16:38:30,015 [loginfo] 测试任务,输出当前时间,当前系统时间:2016-10-31 16:38:30
INFO  2016-10-31 16:38:39,015 [loginfo] 任务 测试任务,输出当前时间 结束 成功执行
INFO  2016-10-31 17:02:46,628 [loginfo] 任务调度初始化成功！
INFO  2016-10-31 17:02:46,692 [loginfo] 任务“测试任务,输出当前时间”启动成功,未来5次运行时间如下:
INFO  2016-10-31 17:02:46,696 [loginfo] 2016/10/31 17:02:50
INFO  2016-10-31 17:02:46,696 [loginfo] 2016/10/31 17:03:00
INFO  2016-10-31 17:02:46,696 [loginfo] 2016/10/31 17:03:10
INFO  2016-10-31 17:02:46,696 [loginfo] 2016/10/31 17:03:20
INFO  2016-10-31 17:02:46,696 [loginfo] 2016/10/31 17:03:30
INFO  2016-10-31 17:02:46,699 [loginfo] 任务“取消超时订单”启动成功,未来5次运行时间如下:
INFO  2016-10-31 17:02:46,699 [loginfo] 2016/10/31 17:03:00
INFO  2016-10-31 17:02:46,699 [loginfo] 2016/10/31 17:03:20
INFO  2016-10-31 17:02:46,699 [loginfo] 2016/10/31 17:03:40
INFO  2016-10-31 17:02:46,699 [loginfo] 2016/10/31 17:04:00
INFO  2016-10-31 17:02:46,699 [loginfo] 2016/10/31 17:04:20
INFO  2016-10-31 17:02:46,699 [loginfo] 任务调度启动成功！
INFO  2016-10-31 17:02:50,065 [loginfo] 任务 测试任务,输出当前时间 开始 
INFO  2016-10-31 17:02:50,065 [loginfo] 测试任务,输出当前时间,当前系统时间:2016-10-31 17:02:50
INFO  2016-10-31 17:02:59,067 [loginfo] 任务 测试任务,输出当前时间 结束 成功执行
INFO  2016-10-31 17:03:00,003 [loginfo] 任务 测试任务,输出当前时间 开始 
INFO  2016-10-31 17:03:00,003 [loginfo] 测试任务,输出当前时间,当前系统时间:2016-10-31 17:03:00
INFO  2016-10-31 17:03:00,004 [loginfo] 任务 取消超时订单 开始 
INFO  2016-10-31 17:03:00,004 [loginfo] 取消超时订单,当前系统时间:2016-10-31 17:03:00
INFO  2016-10-31 17:03:09,004 [loginfo] 任务 测试任务,输出当前时间 结束 成功执行
INFO  2016-10-31 17:03:09,006 [loginfo] 任务 取消超时订单 结束 成功执行
INFO  2016-10-31 17:03:10,008 [loginfo] 任务 测试任务,输出当前时间 开始 
INFO  2016-10-31 17:03:10,008 [loginfo] 测试任务,输出当前时间,当前系统时间:2016-10-31 17:03:10
INFO  2016-10-31 17:03:19,008 [loginfo] 任务 测试任务,输出当前时间 结束 成功执行
INFO  2016-10-31 17:03:20,000 [loginfo] 任务 取消超时订单 开始 
INFO  2016-10-31 17:03:20,000 [loginfo] 取消超时订单,当前系统时间:2016-10-31 17:03:20
INFO  2016-10-31 17:03:20,008 [loginfo] 任务 测试任务,输出当前时间 开始 
INFO  2016-10-31 17:03:20,008 [loginfo] 测试任务,输出当前时间,当前系统时间:2016-10-31 17:03:20
INFO  2016-10-31 17:03:29,001 [loginfo] 任务 取消超时订单 结束 成功执行
INFO  2016-10-31 17:03:29,009 [loginfo] 任务 测试任务,输出当前时间 结束 成功执行
INFO  2016-10-31 17:03:30,052 [loginfo] 任务 测试任务,输出当前时间 开始 
INFO  2016-10-31 17:03:30,052 [loginfo] 测试任务,输出当前时间,当前系统时间:2016-10-31 17:03:30
INFO  2016-10-31 17:03:39,052 [loginfo] 任务 测试任务,输出当前时间 结束 成功执行
INFO  2016-10-31 17:03:40,000 [loginfo] 任务 取消超时订单 开始 
INFO  2016-10-31 17:03:40,000 [loginfo] 取消超时订单,当前系统时间:2016-10-31 17:03:40
INFO  2016-10-31 17:03:40,001 [loginfo] 任务 测试任务,输出当前时间 开始 
INFO  2016-10-31 17:03:40,001 [loginfo] 测试任务,输出当前时间,当前系统时间:2016-10-31 17:03:40
INFO  2016-10-31 17:03:49,001 [loginfo] 任务 取消超时订单 结束 成功执行
INFO  2016-10-31 17:03:49,002 [loginfo] 任务 测试任务,输出当前时间 结束 成功执行
INFO  2016-10-31 17:03:50,002 [loginfo] 任务 测试任务,输出当前时间 开始 
INFO  2016-10-31 17:03:50,002 [loginfo] 测试任务,输出当前时间,当前系统时间:2016-10-31 17:03:50
INFO  2016-10-31 17:03:59,002 [loginfo] 任务 测试任务,输出当前时间 结束 成功执行
INFO  2016-10-31 17:04:00,000 [loginfo] 任务 取消超时订单 开始 
INFO  2016-10-31 17:04:00,000 [loginfo] 取消超时订单,当前系统时间:2016-10-31 17:04:00
INFO  2016-10-31 17:04:00,006 [loginfo] 任务 测试任务,输出当前时间 开始 
INFO  2016-10-31 17:04:00,006 [loginfo] 测试任务,输出当前时间,当前系统时间:2016-10-31 17:04:00
INFO  2016-10-31 17:04:09,001 [loginfo] 任务 取消超时订单 结束 成功执行
INFO  2016-10-31 17:04:09,007 [loginfo] 任务 测试任务,输出当前时间 结束 成功执行
INFO  2016-10-31 17:04:10,002 [loginfo] 任务 测试任务,输出当前时间 开始 
INFO  2016-10-31 17:04:10,002 [loginfo] 测试任务,输出当前时间,当前系统时间:2016-10-31 17:04:10
INFO  2016-10-31 17:04:19,003 [loginfo] 任务 测试任务,输出当前时间 结束 成功执行
INFO  2016-10-31 17:04:20,000 [loginfo] 任务 取消超时订单 开始 
INFO  2016-10-31 17:04:20,001 [loginfo] 取消超时订单,当前系统时间:2016-10-31 17:04:20
INFO  2016-10-31 17:04:20,001 [loginfo] 任务 测试任务,输出当前时间 开始 
INFO  2016-10-31 17:04:20,001 [loginfo] 测试任务,输出当前时间,当前系统时间:2016-10-31 17:04:20
INFO  2016-10-31 17:04:29,001 [loginfo] 任务 取消超时订单 结束 成功执行
INFO  2016-10-31 17:04:29,001 [loginfo] 任务 测试任务,输出当前时间 结束 成功执行
INFO  2016-10-31 17:04:30,003 [loginfo] 任务 测试任务,输出当前时间 开始 
INFO  2016-10-31 17:04:30,003 [loginfo] 测试任务,输出当前时间,当前系统时间:2016-10-31 17:04:30
INFO  2016-10-31 17:04:39,004 [loginfo] 任务 测试任务,输出当前时间 结束 成功执行
INFO  2016-10-31 17:04:40,000 [loginfo] 任务 取消超时订单 开始 
INFO  2016-10-31 17:04:40,000 [loginfo] 取消超时订单,当前系统时间:2016-10-31 17:04:40
INFO  2016-10-31 17:04:40,002 [loginfo] 任务 测试任务,输出当前时间 开始 
INFO  2016-10-31 17:04:40,002 [loginfo] 测试任务,输出当前时间,当前系统时间:2016-10-31 17:04:40
INFO  2016-10-31 17:04:49,000 [loginfo] 任务 取消超时订单 结束 成功执行
INFO  2016-10-31 17:04:49,002 [loginfo] 任务 测试任务,输出当前时间 结束 成功执行
INFO  2016-10-31 17:04:50,006 [loginfo] 任务 测试任务,输出当前时间 开始 
INFO  2016-10-31 17:04:50,006 [loginfo] 测试任务,输出当前时间,当前系统时间:2016-10-31 17:04:50
INFO  2016-10-31 17:04:59,007 [loginfo] 任务 测试任务,输出当前时间 结束 成功执行
INFO  2016-10-31 17:05:00,000 [loginfo] 任务 取消超时订单 开始 
INFO  2016-10-31 17:05:00,000 [loginfo] 取消超时订单,当前系统时间:2016-10-31 17:05:00
INFO  2016-10-31 17:05:00,009 [loginfo] 任务 测试任务,输出当前时间 开始 
INFO  2016-10-31 17:05:00,009 [loginfo] 测试任务,输出当前时间,当前系统时间:2016-10-31 17:05:00
INFO  2016-10-31 17:05:09,000 [loginfo] 任务 取消超时订单 结束 成功执行
INFO  2016-10-31 17:05:09,009 [loginfo] 任务 测试任务,输出当前时间 结束 成功执行
INFO  2016-10-31 17:05:10,000 [loginfo] 任务 测试任务,输出当前时间 开始 
INFO  2016-10-31 17:05:10,000 [loginfo] 测试任务,输出当前时间,当前系统时间:2016-10-31 17:05:10
INFO  2016-10-31 17:05:19,001 [loginfo] 任务 测试任务,输出当前时间 结束 成功执行
INFO  2016-10-31 17:05:20,000 [loginfo] 任务 取消超时订单 开始 
INFO  2016-10-31 17:05:20,001 [loginfo] 取消超时订单,当前系统时间:2016-10-31 17:05:20
INFO  2016-10-31 17:05:20,004 [loginfo] 任务 测试任务,输出当前时间 开始 
INFO  2016-10-31 17:05:20,004 [loginfo] 测试任务,输出当前时间,当前系统时间:2016-10-31 17:05:20
INFO  2016-10-31 17:05:29,002 [loginfo] 任务 取消超时订单 结束 成功执行
INFO  2016-10-31 17:05:29,005 [loginfo] 任务 测试任务,输出当前时间 结束 成功执行
INFO  2016-10-31 17:05:30,002 [loginfo] 任务 测试任务,输出当前时间 开始 
INFO  2016-10-31 17:05:30,002 [loginfo] 测试任务,输出当前时间,当前系统时间:2016-10-31 17:05:30
INFO  2016-10-31 17:05:39,002 [loginfo] 任务 测试任务,输出当前时间 结束 成功执行
INFO  2016-10-31 17:05:40,000 [loginfo] 任务 取消超时订单 开始 
INFO  2016-10-31 17:05:40,000 [loginfo] 取消超时订单,当前系统时间:2016-10-31 17:05:40
INFO  2016-10-31 17:05:40,003 [loginfo] 任务 测试任务,输出当前时间 开始 
INFO  2016-10-31 17:05:40,004 [loginfo] 测试任务,输出当前时间,当前系统时间:2016-10-31 17:05:40
INFO  2016-10-31 17:05:49,001 [loginfo] 任务 取消超时订单 结束 成功执行
INFO  2016-10-31 17:05:49,005 [loginfo] 任务 测试任务,输出当前时间 结束 成功执行
INFO  2016-10-31 17:05:50,003 [loginfo] 任务 测试任务,输出当前时间 开始 
INFO  2016-10-31 17:05:50,003 [loginfo] 测试任务,输出当前时间,当前系统时间:2016-10-31 17:05:50
INFO  2016-10-31 17:05:59,003 [loginfo] 任务 测试任务,输出当前时间 结束 成功执行
INFO  2016-10-31 17:06:00,000 [loginfo] 任务 取消超时订单 开始 
INFO  2016-10-31 17:06:00,001 [loginfo] 取消超时订单,当前系统时间:2016-10-31 17:06:00
INFO  2016-10-31 17:06:00,011 [loginfo] 任务 测试任务,输出当前时间 开始 
INFO  2016-10-31 17:06:00,011 [loginfo] 测试任务,输出当前时间,当前系统时间:2016-10-31 17:06:00
INFO  2016-10-31 17:06:09,002 [loginfo] 任务 取消超时订单 结束 成功执行
INFO  2016-10-31 17:06:09,012 [loginfo] 任务 测试任务,输出当前时间 结束 成功执行
INFO  2016-10-31 17:06:10,095 [loginfo] 任务 测试任务,输出当前时间 开始 
INFO  2016-10-31 17:06:10,095 [loginfo] 测试任务,输出当前时间,当前系统时间:2016-10-31 17:06:10
INFO  2016-10-31 17:06:19,095 [loginfo] 任务 测试任务,输出当前时间 结束 成功执行
INFO  2016-10-31 17:06:20,043 [loginfo] 任务 取消超时订单 开始 
INFO  2016-10-31 17:06:20,044 [loginfo] 取消超时订单,当前系统时间:2016-10-31 17:06:20
INFO  2016-10-31 17:06:20,044 [loginfo] 任务 测试任务,输出当前时间 开始 
INFO  2016-10-31 17:06:20,044 [loginfo] 测试任务,输出当前时间,当前系统时间:2016-10-31 17:06:20
INFO  2016-10-31 17:06:29,044 [loginfo] 任务 测试任务,输出当前时间 结束 成功执行
INFO  2016-10-31 17:06:29,044 [loginfo] 任务 取消超时订单 结束 成功执行
INFO  2016-10-31 17:06:30,005 [loginfo] 任务 测试任务,输出当前时间 开始 
INFO  2016-10-31 17:06:30,005 [loginfo] 测试任务,输出当前时间,当前系统时间:2016-10-31 17:06:30
INFO  2016-10-31 17:06:39,006 [loginfo] 任务 测试任务,输出当前时间 结束 成功执行
INFO  2016-10-31 17:06:40,000 [loginfo] 任务 取消超时订单 开始 
INFO  2016-10-31 17:06:40,001 [loginfo] 取消超时订单,当前系统时间:2016-10-31 17:06:40
INFO  2016-10-31 17:06:40,006 [loginfo] 任务 测试任务,输出当前时间 开始 
INFO  2016-10-31 17:06:40,006 [loginfo] 测试任务,输出当前时间,当前系统时间:2016-10-31 17:06:40
INFO  2016-10-31 17:06:49,001 [loginfo] 任务 取消超时订单 结束 成功执行
INFO  2016-10-31 17:06:49,006 [loginfo] 任务 测试任务,输出当前时间 结束 成功执行
INFO  2016-10-31 17:06:50,004 [loginfo] 任务 测试任务,输出当前时间 开始 
INFO  2016-10-31 17:06:50,004 [loginfo] 测试任务,输出当前时间,当前系统时间:2016-10-31 17:06:50
INFO  2016-10-31 17:06:59,005 [loginfo] 任务 测试任务,输出当前时间 结束 成功执行
INFO  2016-10-31 17:07:00,000 [loginfo] 任务 取消超时订单 开始 
INFO  2016-10-31 17:07:00,000 [loginfo] 取消超时订单,当前系统时间:2016-10-31 17:07:00
INFO  2016-10-31 17:07:00,006 [loginfo] 任务 测试任务,输出当前时间 开始 
INFO  2016-10-31 17:07:00,006 [loginfo] 测试任务,输出当前时间,当前系统时间:2016-10-31 17:07:00
INFO  2016-10-31 17:07:09,000 [loginfo] 任务 取消超时订单 结束 成功执行
INFO  2016-10-31 17:07:09,006 [loginfo] 任务 测试任务,输出当前时间 结束 成功执行
INFO  2016-10-31 17:07:10,072 [loginfo] 任务 测试任务,输出当前时间 开始 
INFO  2016-10-31 17:07:10,072 [loginfo] 测试任务,输出当前时间,当前系统时间:2016-10-31 17:07:10
INFO  2016-10-31 17:07:19,073 [loginfo] 任务 测试任务,输出当前时间 结束 成功执行
INFO  2016-10-31 17:07:20,000 [loginfo] 任务 取消超时订单 开始 
INFO  2016-10-31 17:07:20,001 [loginfo] 取消超时订单,当前系统时间:2016-10-31 17:07:20
INFO  2016-10-31 17:07:20,002 [loginfo] 任务 测试任务,输出当前时间 开始 
INFO  2016-10-31 17:07:20,002 [loginfo] 测试任务,输出当前时间,当前系统时间:2016-10-31 17:07:20
INFO  2016-10-31 17:07:29,001 [loginfo] 任务 取消超时订单 结束 成功执行
INFO  2016-10-31 17:07:29,003 [loginfo] 任务 测试任务,输出当前时间 结束 成功执行
INFO  2016-10-31 17:07:30,023 [loginfo] 任务 测试任务,输出当前时间 开始 
INFO  2016-10-31 17:07:30,023 [loginfo] 测试任务,输出当前时间,当前系统时间:2016-10-31 17:07:30
INFO  2016-10-31 17:07:39,023 [loginfo] 任务 测试任务,输出当前时间 结束 成功执行
INFO  2016-10-31 17:07:40,000 [loginfo] 任务 取消超时订单 开始 
INFO  2016-10-31 17:07:40,000 [loginfo] 取消超时订单,当前系统时间:2016-10-31 17:07:40
INFO  2016-10-31 17:07:40,010 [loginfo] 任务 测试任务,输出当前时间 开始 
INFO  2016-10-31 17:07:40,010 [loginfo] 测试任务,输出当前时间,当前系统时间:2016-10-31 17:07:40
INFO  2016-10-31 17:07:49,001 [loginfo] 任务 取消超时订单 结束 成功执行
INFO  2016-10-31 17:07:49,011 [loginfo] 任务 测试任务,输出当前时间 结束 成功执行
INFO  2016-10-31 17:07:50,001 [loginfo] 任务 测试任务,输出当前时间 开始 
INFO  2016-10-31 17:07:50,001 [loginfo] 测试任务,输出当前时间,当前系统时间:2016-10-31 17:07:50
INFO  2016-10-31 17:07:59,001 [loginfo] 任务 测试任务,输出当前时间 结束 成功执行
INFO  2016-10-31 17:08:00,000 [loginfo] 任务 取消超时订单 开始 
INFO  2016-10-31 17:08:00,001 [loginfo] 取消超时订单,当前系统时间:2016-10-31 17:08:00
INFO  2016-10-31 17:08:00,001 [loginfo] 任务 测试任务,输出当前时间 开始 
INFO  2016-10-31 17:08:00,001 [loginfo] 测试任务,输出当前时间,当前系统时间:2016-10-31 17:08:00
INFO  2016-10-31 17:08:09,002 [loginfo] 任务 测试任务,输出当前时间 结束 成功执行
INFO  2016-10-31 17:08:09,002 [loginfo] 任务 取消超时订单 结束 成功执行
INFO  2016-10-31 17:08:10,001 [loginfo] 任务 测试任务,输出当前时间 开始 
INFO  2016-10-31 17:08:10,001 [loginfo] 测试任务,输出当前时间,当前系统时间:2016-10-31 17:08:10
INFO  2016-10-31 17:08:19,001 [loginfo] 任务 测试任务,输出当前时间 结束 成功执行
INFO  2016-10-31 17:08:20,000 [loginfo] 任务 取消超时订单 开始 
INFO  2016-10-31 17:08:20,000 [loginfo] 取消超时订单,当前系统时间:2016-10-31 17:08:20
INFO  2016-10-31 17:08:20,010 [loginfo] 任务 测试任务,输出当前时间 开始 
INFO  2016-10-31 17:08:20,010 [loginfo] 测试任务,输出当前时间,当前系统时间:2016-10-31 17:08:20
INFO  2016-10-31 17:08:29,002 [loginfo] 任务 取消超时订单 结束 成功执行
INFO  2016-10-31 17:08:29,011 [loginfo] 任务 测试任务,输出当前时间 结束 成功执行
INFO  2016-10-31 17:08:30,002 [loginfo] 任务 测试任务,输出当前时间 开始 
INFO  2016-10-31 17:08:30,002 [loginfo] 测试任务,输出当前时间,当前系统时间:2016-10-31 17:08:30
INFO  2016-10-31 17:08:39,002 [loginfo] 任务 测试任务,输出当前时间 结束 成功执行
INFO  2016-10-31 17:08:40,000 [loginfo] 任务 取消超时订单 开始 
INFO  2016-10-31 17:08:40,001 [loginfo] 取消超时订单,当前系统时间:2016-10-31 17:08:40
INFO  2016-10-31 17:08:40,006 [loginfo] 任务 测试任务,输出当前时间 开始 
INFO  2016-10-31 17:08:40,006 [loginfo] 测试任务,输出当前时间,当前系统时间:2016-10-31 17:08:40
INFO  2016-10-31 17:08:49,001 [loginfo] 任务 取消超时订单 结束 成功执行
INFO  2016-10-31 17:08:49,006 [loginfo] 任务 测试任务,输出当前时间 结束 成功执行
INFO  2016-10-31 17:08:50,036 [loginfo] 任务 测试任务,输出当前时间 开始 
INFO  2016-10-31 17:08:50,036 [loginfo] 测试任务,输出当前时间,当前系统时间:2016-10-31 17:08:50
INFO  2016-10-31 17:08:59,037 [loginfo] 任务 测试任务,输出当前时间 结束 成功执行
INFO  2016-10-31 17:09:00,000 [loginfo] 任务 取消超时订单 开始 
INFO  2016-10-31 17:09:00,000 [loginfo] 取消超时订单,当前系统时间:2016-10-31 17:09:00
INFO  2016-10-31 17:09:00,006 [loginfo] 任务 测试任务,输出当前时间 开始 
INFO  2016-10-31 17:09:00,006 [loginfo] 测试任务,输出当前时间,当前系统时间:2016-10-31 17:09:00
INFO  2016-10-31 17:09:09,000 [loginfo] 任务 取消超时订单 结束 成功执行
INFO  2016-10-31 17:09:09,006 [loginfo] 任务 测试任务,输出当前时间 结束 成功执行
INFO  2016-10-31 17:09:10,001 [loginfo] 任务 测试任务,输出当前时间 开始 
INFO  2016-10-31 17:09:10,001 [loginfo] 测试任务,输出当前时间,当前系统时间:2016-10-31 17:09:10
INFO  2016-10-31 17:09:19,002 [loginfo] 任务 测试任务,输出当前时间 结束 成功执行
INFO  2016-10-31 17:09:20,000 [loginfo] 任务 取消超时订单 开始 
INFO  2016-10-31 17:09:20,000 [loginfo] 取消超时订单,当前系统时间:2016-10-31 17:09:20
INFO  2016-10-31 17:09:20,000 [loginfo] 任务 测试任务,输出当前时间 开始 
INFO  2016-10-31 17:09:20,001 [loginfo] 测试任务,输出当前时间,当前系统时间:2016-10-31 17:09:20
INFO  2016-10-31 17:09:29,000 [loginfo] 任务 取消超时订单 结束 成功执行
INFO  2016-10-31 17:09:29,001 [loginfo] 任务 测试任务,输出当前时间 结束 成功执行
INFO  2016-10-31 17:09:30,001 [loginfo] 任务 测试任务,输出当前时间 开始 
INFO  2016-10-31 17:09:30,001 [loginfo] 测试任务,输出当前时间,当前系统时间:2016-10-31 17:09:30
INFO  2016-10-31 17:09:39,002 [loginfo] 任务 测试任务,输出当前时间 结束 成功执行
INFO  2016-10-31 17:09:40,019 [loginfo] 任务 取消超时订单 开始 
INFO  2016-10-31 17:09:40,019 [loginfo] 取消超时订单,当前系统时间:2016-10-31 17:09:40
INFO  2016-10-31 17:09:40,035 [loginfo] 任务 测试任务,输出当前时间 开始 
INFO  2016-10-31 17:09:40,035 [loginfo] 测试任务,输出当前时间,当前系统时间:2016-10-31 17:09:40
INFO  2016-10-31 17:09:49,019 [loginfo] 任务 取消超时订单 结束 成功执行
INFO  2016-10-31 17:09:49,035 [loginfo] 任务 测试任务,输出当前时间 结束 成功执行
INFO  2016-10-31 17:09:50,001 [loginfo] 任务 测试任务,输出当前时间 开始 
INFO  2016-10-31 17:09:50,001 [loginfo] 测试任务,输出当前时间,当前系统时间:2016-10-31 17:09:50
INFO  2016-10-31 17:09:59,001 [loginfo] 任务 测试任务,输出当前时间 结束 成功执行
INFO  2016-10-31 17:10:00,000 [loginfo] 任务 取消超时订单 开始 
INFO  2016-10-31 17:10:00,000 [loginfo] 取消超时订单,当前系统时间:2016-10-31 17:10:00
INFO  2016-10-31 17:10:00,001 [loginfo] 任务 测试任务,输出当前时间 开始 
INFO  2016-10-31 17:10:00,001 [loginfo] 测试任务,输出当前时间,当前系统时间:2016-10-31 17:10:00
INFO  2016-10-31 17:10:09,002 [loginfo] 任务 测试任务,输出当前时间 结束 成功执行
INFO  2016-10-31 17:10:09,002 [loginfo] 任务 取消超时订单 结束 成功执行
INFO  2016-10-31 17:10:10,001 [loginfo] 任务 测试任务,输出当前时间 开始 
INFO  2016-10-31 17:10:10,001 [loginfo] 测试任务,输出当前时间,当前系统时间:2016-10-31 17:10:10
INFO  2016-10-31 17:10:19,001 [loginfo] 任务 测试任务,输出当前时间 结束 成功执行
INFO  2016-10-31 17:10:20,000 [loginfo] 任务 取消超时订单 开始 
INFO  2016-10-31 17:10:20,000 [loginfo] 取消超时订单,当前系统时间:2016-10-31 17:10:20
INFO  2016-10-31 17:10:20,001 [loginfo] 任务 测试任务,输出当前时间 开始 
INFO  2016-10-31 17:10:20,001 [loginfo] 测试任务,输出当前时间,当前系统时间:2016-10-31 17:10:20
INFO  2016-10-31 17:10:29,001 [loginfo] 任务 取消超时订单 结束 成功执行
INFO  2016-10-31 17:10:29,002 [loginfo] 任务 测试任务,输出当前时间 结束 成功执行
INFO  2016-10-31 17:10:30,025 [loginfo] 任务 测试任务,输出当前时间 开始 
INFO  2016-10-31 17:10:30,025 [loginfo] 测试任务,输出当前时间,当前系统时间:2016-10-31 17:10:30
INFO  2016-10-31 17:10:39,025 [loginfo] 任务 测试任务,输出当前时间 结束 成功执行
INFO  2016-10-31 17:10:40,000 [loginfo] 任务 取消超时订单 开始 
INFO  2016-10-31 17:10:40,000 [loginfo] 取消超时订单,当前系统时间:2016-10-31 17:10:40
INFO  2016-10-31 17:10:40,001 [loginfo] 任务 测试任务,输出当前时间 开始 
INFO  2016-10-31 17:10:40,001 [loginfo] 测试任务,输出当前时间,当前系统时间:2016-10-31 17:10:40
INFO  2016-10-31 17:10:49,001 [loginfo] 任务 取消超时订单 结束 成功执行
INFO  2016-10-31 17:10:49,002 [loginfo] 任务 测试任务,输出当前时间 结束 成功执行
