INFO  2016-11-09 14:12:19,931 [loginfo] 任务调度初始化成功！
INFO  2016-11-09 14:12:20,037 [loginfo] 任务“测试任务,输出当前时间”启动成功,未来5次运行时间如下:
INFO  2016-11-09 14:12:20,077 [loginfo] 2016/11/9 14:12:20
INFO  2016-11-09 14:12:20,077 [loginfo] 2016/11/9 14:12:30
INFO  2016-11-09 14:12:20,077 [loginfo] 2016/11/9 14:12:40
INFO  2016-11-09 14:12:20,077 [loginfo] 2016/11/9 14:12:50
INFO  2016-11-09 14:12:20,077 [loginfo] 2016/11/9 14:13:00
INFO  2016-11-09 14:12:20,077 [loginfo] 任务“取消超时订单”启动成功,未来5次运行时间如下:
INFO  2016-11-09 14:12:20,078 [loginfo] 2016/11/9 14:12:20
INFO  2016-11-09 14:12:20,078 [loginfo] 2016/11/9 14:12:40
INFO  2016-11-09 14:12:20,078 [loginfo] 2016/11/9 14:13:00
INFO  2016-11-09 14:12:20,078 [loginfo] 2016/11/9 14:13:20
INFO  2016-11-09 14:12:20,078 [loginfo] 2016/11/9 14:13:40
INFO  2016-11-09 14:12:20,078 [loginfo] 任务调度启动成功！
INFO  2016-11-09 14:12:20,251 [loginfo] 任务 取消超时订单 开始 
INFO  2016-11-09 14:12:20,251 [loginfo] 取消超时订单,当前系统时间:2016-11-09 14:12:20
INFO  2016-11-09 14:12:20,259 [loginfo] 任务 测试任务,输出当前时间 开始 
INFO  2016-11-09 14:12:20,260 [loginfo] 测试任务,输出当前时间,当前系统时间:2016-11-09 14:12:20
INFO  2016-11-09 14:12:29,251 [loginfo] 任务 取消超时订单 结束 成功执行
INFO  2016-11-09 14:12:29,260 [loginfo] 任务 测试任务,输出当前时间 结束 成功执行
INFO  2016-11-09 14:12:30,002 [loginfo] 任务 测试任务,输出当前时间 开始 
INFO  2016-11-09 14:12:30,002 [loginfo] 测试任务,输出当前时间,当前系统时间:2016-11-09 14:12:30
INFO  2016-11-09 14:12:39,003 [loginfo] 任务 测试任务,输出当前时间 结束 成功执行
INFO  2016-11-09 14:12:40,000 [loginfo] 任务 取消超时订单 开始 
INFO  2016-11-09 14:12:40,000 [loginfo] 取消超时订单,当前系统时间:2016-11-09 14:12:40
INFO  2016-11-09 14:12:40,001 [loginfo] 任务 测试任务,输出当前时间 开始 
INFO  2016-11-09 14:12:40,001 [loginfo] 测试任务,输出当前时间,当前系统时间:2016-11-09 14:12:40
INFO  2016-11-09 14:12:49,000 [loginfo] 任务 取消超时订单 结束 成功执行
INFO  2016-11-09 14:12:49,001 [loginfo] 任务 测试任务,输出当前时间 结束 成功执行
INFO  2016-11-09 14:12:50,003 [loginfo] 任务 测试任务,输出当前时间 开始 
INFO  2016-11-09 14:12:50,003 [loginfo] 测试任务,输出当前时间,当前系统时间:2016-11-09 14:12:50
INFO  2016-11-09 14:12:59,004 [loginfo] 任务 测试任务,输出当前时间 结束 成功执行
INFO  2016-11-09 14:13:00,000 [loginfo] 任务 取消超时订单 开始 
INFO  2016-11-09 14:13:00,001 [loginfo] 取消超时订单,当前系统时间:2016-11-09 14:13:00
INFO  2016-11-09 14:13:00,029 [loginfo] 任务 测试任务,输出当前时间 开始 
INFO  2016-11-09 14:13:00,029 [loginfo] 测试任务,输出当前时间,当前系统时间:2016-11-09 14:13:00
INFO  2016-11-09 14:13:09,001 [loginfo] 任务 取消超时订单 结束 成功执行
INFO  2016-11-09 14:13:09,029 [loginfo] 任务 测试任务,输出当前时间 结束 成功执行
INFO  2016-11-09 14:13:10,014 [loginfo] 任务 测试任务,输出当前时间 开始 
INFO  2016-11-09 14:13:10,014 [loginfo] 测试任务,输出当前时间,当前系统时间:2016-11-09 14:13:10
INFO  2016-11-09 14:13:19,015 [loginfo] 任务 测试任务,输出当前时间 结束 成功执行
INFO  2016-11-09 14:13:20,000 [loginfo] 任务 取消超时订单 开始 
INFO  2016-11-09 14:13:20,000 [loginfo] 取消超时订单,当前系统时间:2016-11-09 14:13:20
INFO  2016-11-09 14:13:20,001 [loginfo] 任务 测试任务,输出当前时间 开始 
INFO  2016-11-09 14:13:20,001 [loginfo] 测试任务,输出当前时间,当前系统时间:2016-11-09 14:13:20
INFO  2016-11-09 14:13:29,000 [loginfo] 任务 取消超时订单 结束 成功执行
INFO  2016-11-09 14:13:29,001 [loginfo] 任务 测试任务,输出当前时间 结束 成功执行
INFO  2016-11-09 14:13:30,002 [loginfo] 任务 测试任务,输出当前时间 开始 
INFO  2016-11-09 14:13:30,002 [loginfo] 测试任务,输出当前时间,当前系统时间:2016-11-09 14:13:30
INFO  2016-11-09 14:13:39,002 [loginfo] 任务 测试任务,输出当前时间 结束 成功执行
INFO  2016-11-09 14:13:40,000 [loginfo] 任务 取消超时订单 开始 
INFO  2016-11-09 14:13:40,001 [loginfo] 取消超时订单,当前系统时间:2016-11-09 14:13:40
INFO  2016-11-09 14:13:40,016 [loginfo] 任务 测试任务,输出当前时间 开始 
INFO  2016-11-09 14:13:40,016 [loginfo] 测试任务,输出当前时间,当前系统时间:2016-11-09 14:13:40
INFO  2016-11-09 14:13:49,002 [loginfo] 任务 取消超时订单 结束 成功执行
INFO  2016-11-09 14:13:49,017 [loginfo] 任务 测试任务,输出当前时间 结束 成功执行
INFO  2016-11-09 14:13:50,001 [loginfo] 任务 测试任务,输出当前时间 开始 
INFO  2016-11-09 14:13:50,001 [loginfo] 测试任务,输出当前时间,当前系统时间:2016-11-09 14:13:50
INFO  2016-11-09 14:13:59,001 [loginfo] 任务 测试任务,输出当前时间 结束 成功执行
INFO  2016-11-09 14:14:00,000 [loginfo] 任务 取消超时订单 开始 
INFO  2016-11-09 14:14:00,000 [loginfo] 取消超时订单,当前系统时间:2016-11-09 14:14:00
INFO  2016-11-09 14:14:00,007 [loginfo] 任务 测试任务,输出当前时间 开始 
INFO  2016-11-09 14:14:00,007 [loginfo] 测试任务,输出当前时间,当前系统时间:2016-11-09 14:14:00
INFO  2016-11-09 14:14:09,001 [loginfo] 任务 取消超时订单 结束 成功执行
INFO  2016-11-09 14:14:09,008 [loginfo] 任务 测试任务,输出当前时间 结束 成功执行
INFO  2016-11-09 14:14:10,006 [loginfo] 任务 测试任务,输出当前时间 开始 
INFO  2016-11-09 14:14:10,006 [loginfo] 测试任务,输出当前时间,当前系统时间:2016-11-09 14:14:10
INFO  2016-11-09 14:14:19,006 [loginfo] 任务 测试任务,输出当前时间 结束 成功执行
INFO  2016-11-09 14:14:20,001 [loginfo] 任务 取消超时订单 开始 
INFO  2016-11-09 14:14:20,001 [loginfo] 取消超时订单,当前系统时间:2016-11-09 14:14:20
INFO  2016-11-09 14:14:20,019 [loginfo] 任务 测试任务,输出当前时间 开始 
INFO  2016-11-09 14:14:20,019 [loginfo] 测试任务,输出当前时间,当前系统时间:2016-11-09 14:14:20
INFO  2016-11-09 14:14:29,002 [loginfo] 任务 取消超时订单 结束 成功执行
INFO  2016-11-09 14:14:29,021 [loginfo] 任务 测试任务,输出当前时间 结束 成功执行
INFO  2016-11-09 14:14:30,004 [loginfo] 任务 测试任务,输出当前时间 开始 
INFO  2016-11-09 14:14:30,004 [loginfo] 测试任务,输出当前时间,当前系统时间:2016-11-09 14:14:30
INFO  2016-11-09 14:14:39,004 [loginfo] 任务 测试任务,输出当前时间 结束 成功执行
INFO  2016-11-09 14:14:40,000 [loginfo] 任务 取消超时订单 开始 
INFO  2016-11-09 14:14:40,001 [loginfo] 取消超时订单,当前系统时间:2016-11-09 14:14:40
INFO  2016-11-09 14:14:40,005 [loginfo] 任务 测试任务,输出当前时间 开始 
INFO  2016-11-09 14:14:40,005 [loginfo] 测试任务,输出当前时间,当前系统时间:2016-11-09 14:14:40
INFO  2016-11-09 14:14:49,001 [loginfo] 任务 取消超时订单 结束 成功执行
INFO  2016-11-09 14:14:49,005 [loginfo] 任务 测试任务,输出当前时间 结束 成功执行
INFO  2016-11-09 14:14:50,011 [loginfo] 任务 测试任务,输出当前时间 开始 
INFO  2016-11-09 14:14:50,011 [loginfo] 测试任务,输出当前时间,当前系统时间:2016-11-09 14:14:50
INFO  2016-11-09 14:14:59,012 [loginfo] 任务 测试任务,输出当前时间 结束 成功执行
INFO  2016-11-09 14:15:00,000 [loginfo] 任务 取消超时订单 开始 
INFO  2016-11-09 14:15:00,001 [loginfo] 取消超时订单,当前系统时间:2016-11-09 14:15:00
INFO  2016-11-09 14:15:00,010 [loginfo] 任务 测试任务,输出当前时间 开始 
INFO  2016-11-09 14:15:00,010 [loginfo] 测试任务,输出当前时间,当前系统时间:2016-11-09 14:15:00
INFO  2016-11-09 14:15:09,001 [loginfo] 任务 取消超时订单 结束 成功执行
INFO  2016-11-09 14:15:09,010 [loginfo] 任务 测试任务,输出当前时间 结束 成功执行
INFO  2016-11-09 14:15:10,001 [loginfo] 任务 测试任务,输出当前时间 开始 
INFO  2016-11-09 14:15:10,001 [loginfo] 测试任务,输出当前时间,当前系统时间:2016-11-09 14:15:10
INFO  2016-11-09 14:15:19,002 [loginfo] 任务 测试任务,输出当前时间 结束 成功执行
INFO  2016-11-09 14:15:20,001 [loginfo] 任务 取消超时订单 开始 
INFO  2016-11-09 14:15:20,001 [loginfo] 取消超时订单,当前系统时间:2016-11-09 14:15:20
INFO  2016-11-09 14:15:20,018 [loginfo] 任务 测试任务,输出当前时间 开始 
INFO  2016-11-09 14:15:20,018 [loginfo] 测试任务,输出当前时间,当前系统时间:2016-11-09 14:15:20
INFO  2016-11-09 14:15:29,001 [loginfo] 任务 取消超时订单 结束 成功执行
INFO  2016-11-09 14:15:29,018 [loginfo] 任务 测试任务,输出当前时间 结束 成功执行
INFO  2016-11-09 14:15:30,006 [loginfo] 任务 测试任务,输出当前时间 开始 
INFO  2016-11-09 14:15:30,007 [loginfo] 测试任务,输出当前时间,当前系统时间:2016-11-09 14:15:30
INFO  2016-11-09 14:15:39,008 [loginfo] 任务 测试任务,输出当前时间 结束 成功执行
INFO  2016-11-09 14:15:40,000 [loginfo] 任务 取消超时订单 开始 
INFO  2016-11-09 14:15:40,000 [loginfo] 取消超时订单,当前系统时间:2016-11-09 14:15:40
INFO  2016-11-09 14:15:40,029 [loginfo] 任务 测试任务,输出当前时间 开始 
INFO  2016-11-09 14:15:40,029 [loginfo] 测试任务,输出当前时间,当前系统时间:2016-11-09 14:15:40
INFO  2016-11-09 14:15:49,000 [loginfo] 任务 取消超时订单 结束 成功执行
INFO  2016-11-09 14:15:49,029 [loginfo] 任务 测试任务,输出当前时间 结束 成功执行
INFO  2016-11-09 14:15:50,012 [loginfo] 任务 测试任务,输出当前时间 开始 
INFO  2016-11-09 14:15:50,012 [loginfo] 测试任务,输出当前时间,当前系统时间:2016-11-09 14:15:50
INFO  2016-11-09 14:15:59,012 [loginfo] 任务 测试任务,输出当前时间 结束 成功执行
INFO  2016-11-09 14:16:00,001 [loginfo] 任务 取消超时订单 开始 
INFO  2016-11-09 14:16:00,001 [loginfo] 取消超时订单,当前系统时间:2016-11-09 14:16:00
INFO  2016-11-09 14:16:00,002 [loginfo] 任务 测试任务,输出当前时间 开始 
INFO  2016-11-09 14:16:00,002 [loginfo] 测试任务,输出当前时间,当前系统时间:2016-11-09 14:16:00
INFO  2016-11-09 14:16:09,002 [loginfo] 任务 取消超时订单 结束 成功执行
INFO  2016-11-09 14:16:09,003 [loginfo] 任务 测试任务,输出当前时间 结束 成功执行
INFO  2016-11-09 14:16:10,002 [loginfo] 任务 测试任务,输出当前时间 开始 
INFO  2016-11-09 14:16:10,002 [loginfo] 测试任务,输出当前时间,当前系统时间:2016-11-09 14:16:10
INFO  2016-11-09 14:16:19,002 [loginfo] 任务 测试任务,输出当前时间 结束 成功执行
INFO  2016-11-09 14:16:20,000 [loginfo] 任务 取消超时订单 开始 
INFO  2016-11-09 14:16:20,000 [loginfo] 取消超时订单,当前系统时间:2016-11-09 14:16:20
INFO  2016-11-09 14:16:20,001 [loginfo] 任务 测试任务,输出当前时间 开始 
INFO  2016-11-09 14:16:20,001 [loginfo] 测试任务,输出当前时间,当前系统时间:2016-11-09 14:16:20
INFO  2016-11-09 14:16:29,001 [loginfo] 任务 取消超时订单 结束 成功执行
INFO  2016-11-09 14:16:29,002 [loginfo] 任务 测试任务,输出当前时间 结束 成功执行
INFO  2016-11-09 14:16:30,014 [loginfo] 任务 测试任务,输出当前时间 开始 
INFO  2016-11-09 14:16:30,014 [loginfo] 测试任务,输出当前时间,当前系统时间:2016-11-09 14:16:30
INFO  2016-11-09 14:16:39,014 [loginfo] 任务 测试任务,输出当前时间 结束 成功执行
INFO  2016-11-09 14:16:40,000 [loginfo] 任务 取消超时订单 开始 
INFO  2016-11-09 14:16:40,000 [loginfo] 取消超时订单,当前系统时间:2016-11-09 14:16:40
INFO  2016-11-09 14:16:40,006 [loginfo] 任务 测试任务,输出当前时间 开始 
INFO  2016-11-09 14:16:40,006 [loginfo] 测试任务,输出当前时间,当前系统时间:2016-11-09 14:16:40
INFO  2016-11-09 14:16:49,001 [loginfo] 任务 取消超时订单 结束 成功执行
INFO  2016-11-09 14:16:49,007 [loginfo] 任务 测试任务,输出当前时间 结束 成功执行
INFO  2016-11-09 14:16:50,005 [loginfo] 任务 测试任务,输出当前时间 开始 
INFO  2016-11-09 14:16:50,005 [loginfo] 测试任务,输出当前时间,当前系统时间:2016-11-09 14:16:50
INFO  2016-11-09 14:16:59,005 [loginfo] 任务 测试任务,输出当前时间 结束 成功执行
INFO  2016-11-09 14:17:00,001 [loginfo] 任务 取消超时订单 开始 
INFO  2016-11-09 14:17:00,001 [loginfo] 取消超时订单,当前系统时间:2016-11-09 14:17:00
INFO  2016-11-09 14:17:00,004 [loginfo] 任务 测试任务,输出当前时间 开始 
INFO  2016-11-09 14:17:00,004 [loginfo] 测试任务,输出当前时间,当前系统时间:2016-11-09 14:17:00
INFO  2016-11-09 14:17:09,001 [loginfo] 任务 取消超时订单 结束 成功执行
INFO  2016-11-09 14:17:09,004 [loginfo] 任务 测试任务,输出当前时间 结束 成功执行
INFO  2016-11-09 14:17:10,010 [loginfo] 任务 测试任务,输出当前时间 开始 
INFO  2016-11-09 14:17:10,010 [loginfo] 测试任务,输出当前时间,当前系统时间:2016-11-09 14:17:10
INFO  2016-11-09 14:17:19,011 [loginfo] 任务 测试任务,输出当前时间 结束 成功执行
INFO  2016-11-09 14:17:20,000 [loginfo] 任务 取消超时订单 开始 
INFO  2016-11-09 14:17:20,001 [loginfo] 取消超时订单,当前系统时间:2016-11-09 14:17:20
INFO  2016-11-09 14:17:20,004 [loginfo] 任务 测试任务,输出当前时间 开始 
INFO  2016-11-09 14:17:20,004 [loginfo] 测试任务,输出当前时间,当前系统时间:2016-11-09 14:17:20
INFO  2016-11-09 14:17:29,001 [loginfo] 任务 取消超时订单 结束 成功执行
INFO  2016-11-09 14:17:29,004 [loginfo] 任务 测试任务,输出当前时间 结束 成功执行
INFO  2016-11-09 14:17:30,003 [loginfo] 任务 测试任务,输出当前时间 开始 
INFO  2016-11-09 14:17:30,003 [loginfo] 测试任务,输出当前时间,当前系统时间:2016-11-09 14:17:30
INFO  2016-11-09 14:17:39,004 [loginfo] 任务 测试任务,输出当前时间 结束 成功执行
INFO  2016-11-09 14:17:40,000 [loginfo] 任务 取消超时订单 开始 
INFO  2016-11-09 14:17:40,000 [loginfo] 取消超时订单,当前系统时间:2016-11-09 14:17:40
INFO  2016-11-09 14:17:40,016 [loginfo] 任务 测试任务,输出当前时间 开始 
INFO  2016-11-09 14:17:40,016 [loginfo] 测试任务,输出当前时间,当前系统时间:2016-11-09 14:17:40
INFO  2016-11-09 14:17:49,001 [loginfo] 任务 取消超时订单 结束 成功执行
INFO  2016-11-09 14:17:49,016 [loginfo] 任务 测试任务,输出当前时间 结束 成功执行
INFO  2016-11-09 14:17:50,001 [loginfo] 任务 测试任务,输出当前时间 开始 
INFO  2016-11-09 14:17:50,001 [loginfo] 测试任务,输出当前时间,当前系统时间:2016-11-09 14:17:50
INFO  2016-11-09 14:17:59,002 [loginfo] 任务 测试任务,输出当前时间 结束 成功执行
INFO  2016-11-09 14:18:00,000 [loginfo] 任务 取消超时订单 开始 
INFO  2016-11-09 14:18:00,000 [loginfo] 取消超时订单,当前系统时间:2016-11-09 14:18:00
INFO  2016-11-09 14:18:00,004 [loginfo] 任务 测试任务,输出当前时间 开始 
INFO  2016-11-09 14:18:00,004 [loginfo] 测试任务,输出当前时间,当前系统时间:2016-11-09 14:18:00
INFO  2016-11-09 14:18:09,001 [loginfo] 任务 取消超时订单 结束 成功执行
INFO  2016-11-09 14:18:09,004 [loginfo] 任务 测试任务,输出当前时间 结束 成功执行
INFO  2016-11-09 14:18:10,008 [loginfo] 任务 测试任务,输出当前时间 开始 
INFO  2016-11-09 14:18:10,008 [loginfo] 测试任务,输出当前时间,当前系统时间:2016-11-09 14:18:10
INFO  2016-11-09 14:18:19,008 [loginfo] 任务 测试任务,输出当前时间 结束 成功执行
INFO  2016-11-09 14:18:20,000 [loginfo] 任务 取消超时订单 开始 
INFO  2016-11-09 14:18:20,001 [loginfo] 取消超时订单,当前系统时间:2016-11-09 14:18:20
INFO  2016-11-09 14:18:20,020 [loginfo] 任务 测试任务,输出当前时间 开始 
INFO  2016-11-09 14:18:20,020 [loginfo] 测试任务,输出当前时间,当前系统时间:2016-11-09 14:18:20
INFO  2016-11-09 14:18:29,002 [loginfo] 任务 取消超时订单 结束 成功执行
INFO  2016-11-09 14:18:29,021 [loginfo] 任务 测试任务,输出当前时间 结束 成功执行
INFO  2016-11-09 14:18:30,011 [loginfo] 任务 测试任务,输出当前时间 开始 
INFO  2016-11-09 14:18:30,011 [loginfo] 测试任务,输出当前时间,当前系统时间:2016-11-09 14:18:30
INFO  2016-11-09 14:18:39,011 [loginfo] 任务 测试任务,输出当前时间 结束 成功执行
INFO  2016-11-09 14:18:40,001 [loginfo] 任务 取消超时订单 开始 
INFO  2016-11-09 14:18:40,001 [loginfo] 取消超时订单,当前系统时间:2016-11-09 14:18:40
INFO  2016-11-09 14:18:40,012 [loginfo] 任务 测试任务,输出当前时间 开始 
INFO  2016-11-09 14:18:40,012 [loginfo] 测试任务,输出当前时间,当前系统时间:2016-11-09 14:18:40
INFO  2016-11-09 14:18:49,002 [loginfo] 任务 取消超时订单 结束 成功执行
INFO  2016-11-09 14:18:49,013 [loginfo] 任务 测试任务,输出当前时间 结束 成功执行
INFO  2016-11-09 14:18:50,003 [loginfo] 任务 测试任务,输出当前时间 开始 
INFO  2016-11-09 14:18:50,003 [loginfo] 测试任务,输出当前时间,当前系统时间:2016-11-09 14:18:50
INFO  2016-11-09 14:18:59,003 [loginfo] 任务 测试任务,输出当前时间 结束 成功执行
INFO  2016-11-09 14:19:00,000 [loginfo] 任务 取消超时订单 开始 
INFO  2016-11-09 14:19:00,000 [loginfo] 取消超时订单,当前系统时间:2016-11-09 14:19:00
INFO  2016-11-09 14:19:00,002 [loginfo] 任务 测试任务,输出当前时间 开始 
INFO  2016-11-09 14:19:00,002 [loginfo] 测试任务,输出当前时间,当前系统时间:2016-11-09 14:19:00
INFO  2016-11-09 14:19:09,001 [loginfo] 任务 取消超时订单 结束 成功执行
INFO  2016-11-09 14:19:09,003 [loginfo] 任务 测试任务,输出当前时间 结束 成功执行
INFO  2016-11-09 14:19:10,005 [loginfo] 任务 测试任务,输出当前时间 开始 
INFO  2016-11-09 14:19:10,005 [loginfo] 测试任务,输出当前时间,当前系统时间:2016-11-09 14:19:10
INFO  2016-11-09 14:19:19,005 [loginfo] 任务 测试任务,输出当前时间 结束 成功执行
INFO  2016-11-09 14:19:20,000 [loginfo] 任务 取消超时订单 开始 
INFO  2016-11-09 14:19:20,000 [loginfo] 取消超时订单,当前系统时间:2016-11-09 14:19:20
INFO  2016-11-09 14:19:20,009 [loginfo] 任务 测试任务,输出当前时间 开始 
INFO  2016-11-09 14:19:20,009 [loginfo] 测试任务,输出当前时间,当前系统时间:2016-11-09 14:19:20
INFO  2016-11-09 14:19:29,001 [loginfo] 任务 取消超时订单 结束 成功执行
INFO  2016-11-09 14:19:29,009 [loginfo] 任务 测试任务,输出当前时间 结束 成功执行
INFO  2016-11-09 14:19:30,005 [loginfo] 任务 测试任务,输出当前时间 开始 
INFO  2016-11-09 14:19:30,005 [loginfo] 测试任务,输出当前时间,当前系统时间:2016-11-09 14:19:30
INFO  2016-11-09 14:19:39,006 [loginfo] 任务 测试任务,输出当前时间 结束 成功执行
INFO  2016-11-09 14:19:40,000 [loginfo] 任务 取消超时订单 开始 
INFO  2016-11-09 14:19:40,000 [loginfo] 取消超时订单,当前系统时间:2016-11-09 14:19:40
INFO  2016-11-09 14:19:40,001 [loginfo] 任务 测试任务,输出当前时间 开始 
INFO  2016-11-09 14:19:40,001 [loginfo] 测试任务,输出当前时间,当前系统时间:2016-11-09 14:19:40
INFO  2016-11-09 14:19:49,000 [loginfo] 任务 取消超时订单 结束 成功执行
INFO  2016-11-09 14:19:49,001 [loginfo] 任务 测试任务,输出当前时间 结束 成功执行
INFO  2016-11-09 14:19:50,001 [loginfo] 任务 测试任务,输出当前时间 开始 
INFO  2016-11-09 14:19:50,001 [loginfo] 测试任务,输出当前时间,当前系统时间:2016-11-09 14:19:50
INFO  2016-11-09 14:19:59,002 [loginfo] 任务 测试任务,输出当前时间 结束 成功执行
INFO  2016-11-09 14:20:00,000 [loginfo] 任务 取消超时订单 开始 
INFO  2016-11-09 14:20:00,000 [loginfo] 取消超时订单,当前系统时间:2016-11-09 14:20:00
INFO  2016-11-09 14:20:00,000 [loginfo] 任务 测试任务,输出当前时间 开始 
INFO  2016-11-09 14:20:00,000 [loginfo] 测试任务,输出当前时间,当前系统时间:2016-11-09 14:20:00
INFO  2016-11-09 14:20:09,000 [loginfo] 任务 测试任务,输出当前时间 结束 成功执行
INFO  2016-11-09 14:20:09,000 [loginfo] 任务 取消超时订单 结束 成功执行
INFO  2016-11-09 14:20:10,001 [loginfo] 任务 测试任务,输出当前时间 开始 
INFO  2016-11-09 14:20:10,001 [loginfo] 测试任务,输出当前时间,当前系统时间:2016-11-09 14:20:10
INFO  2016-11-09 14:20:19,002 [loginfo] 任务 测试任务,输出当前时间 结束 成功执行
INFO  2016-11-09 14:20:20,000 [loginfo] 任务 取消超时订单 开始 
INFO  2016-11-09 14:20:20,000 [loginfo] 取消超时订单,当前系统时间:2016-11-09 14:20:20
INFO  2016-11-09 14:20:20,001 [loginfo] 任务 测试任务,输出当前时间 开始 
INFO  2016-11-09 14:20:20,001 [loginfo] 测试任务,输出当前时间,当前系统时间:2016-11-09 14:20:20
INFO  2016-11-09 14:20:29,000 [loginfo] 任务 取消超时订单 结束 成功执行
INFO  2016-11-09 14:20:29,001 [loginfo] 任务 测试任务,输出当前时间 结束 成功执行
INFO  2016-11-09 14:20:30,001 [loginfo] 任务 测试任务,输出当前时间 开始 
INFO  2016-11-09 14:20:30,001 [loginfo] 测试任务,输出当前时间,当前系统时间:2016-11-09 14:20:30
INFO  2016-11-09 14:20:39,001 [loginfo] 任务 测试任务,输出当前时间 结束 成功执行
INFO  2016-11-09 14:20:40,000 [loginfo] 任务 取消超时订单 开始 
INFO  2016-11-09 14:20:40,000 [loginfo] 取消超时订单,当前系统时间:2016-11-09 14:20:40
INFO  2016-11-09 14:20:40,001 [loginfo] 任务 测试任务,输出当前时间 开始 
INFO  2016-11-09 14:20:40,001 [loginfo] 测试任务,输出当前时间,当前系统时间:2016-11-09 14:20:40
INFO  2016-11-09 14:20:49,001 [loginfo] 任务 取消超时订单 结束 成功执行
INFO  2016-11-09 14:20:49,002 [loginfo] 任务 测试任务,输出当前时间 结束 成功执行
INFO  2016-11-09 14:20:50,001 [loginfo] 任务 测试任务,输出当前时间 开始 
INFO  2016-11-09 14:20:50,001 [loginfo] 测试任务,输出当前时间,当前系统时间:2016-11-09 14:20:50
INFO  2016-11-09 14:20:59,001 [loginfo] 任务 测试任务,输出当前时间 结束 成功执行
INFO  2016-11-09 14:21:00,000 [loginfo] 任务 取消超时订单 开始 
INFO  2016-11-09 14:21:00,000 [loginfo] 取消超时订单,当前系统时间:2016-11-09 14:21:00
INFO  2016-11-09 14:21:09,001 [loginfo] 任务 取消超时订单 结束 成功执行
INFO  2016-11-09 14:21:20,000 [loginfo] 任务 取消超时订单 开始 
INFO  2016-11-09 14:21:20,000 [loginfo] 取消超时订单,当前系统时间:2016-11-09 14:21:20
INFO  2016-11-09 14:21:29,001 [loginfo] 任务 取消超时订单 结束 成功执行
INFO  2016-11-09 14:21:40,000 [loginfo] 任务 取消超时订单 开始 
INFO  2016-11-09 14:21:40,000 [loginfo] 取消超时订单,当前系统时间:2016-11-09 14:21:40
INFO  2016-11-09 14:21:49,001 [loginfo] 任务 取消超时订单 结束 成功执行
INFO  2016-11-09 14:22:00,000 [loginfo] 任务 取消超时订单 开始 
INFO  2016-11-09 14:22:00,000 [loginfo] 取消超时订单,当前系统时间:2016-11-09 14:22:00
INFO  2016-11-09 14:22:09,001 [loginfo] 任务 取消超时订单 结束 成功执行
INFO  2016-11-09 14:22:20,001 [loginfo] 任务 取消超时订单 开始 
INFO  2016-11-09 14:22:20,002 [loginfo] 取消超时订单,当前系统时间:2016-11-09 14:22:20
INFO  2016-11-09 14:22:29,002 [loginfo] 任务 取消超时订单 结束 成功执行
INFO  2016-11-09 14:22:40,000 [loginfo] 任务 取消超时订单 开始 
INFO  2016-11-09 14:22:40,000 [loginfo] 取消超时订单,当前系统时间:2016-11-09 14:22:40
INFO  2016-11-09 14:22:49,002 [loginfo] 任务 取消超时订单 结束 成功执行
INFO  2016-11-09 14:23:00,000 [loginfo] 任务 取消超时订单 开始 
INFO  2016-11-09 14:23:00,000 [loginfo] 取消超时订单,当前系统时间:2016-11-09 14:23:00
INFO  2016-11-09 14:23:09,001 [loginfo] 任务 取消超时订单 结束 成功执行
INFO  2016-11-09 14:23:20,000 [loginfo] 任务 取消超时订单 开始 
INFO  2016-11-09 14:23:20,000 [loginfo] 取消超时订单,当前系统时间:2016-11-09 14:23:20
INFO  2016-11-09 14:23:29,001 [loginfo] 任务 取消超时订单 结束 成功执行
INFO  2016-11-09 14:23:40,000 [loginfo] 任务 取消超时订单 开始 
INFO  2016-11-09 14:23:40,000 [loginfo] 取消超时订单,当前系统时间:2016-11-09 14:23:40
INFO  2016-11-09 14:23:49,001 [loginfo] 任务 取消超时订单 结束 成功执行
INFO  2016-11-09 14:24:00,000 [loginfo] 任务 取消超时订单 开始 
INFO  2016-11-09 14:24:00,000 [loginfo] 取消超时订单,当前系统时间:2016-11-09 14:24:00
INFO  2016-11-09 14:24:09,000 [loginfo] 任务 取消超时订单 结束 成功执行
INFO  2016-11-09 14:24:20,000 [loginfo] 任务 取消超时订单 开始 
INFO  2016-11-09 14:24:20,000 [loginfo] 取消超时订单,当前系统时间:2016-11-09 14:24:20
INFO  2016-11-09 14:24:29,000 [loginfo] 任务 取消超时订单 结束 成功执行
INFO  2016-11-09 14:24:40,000 [loginfo] 任务 取消超时订单 开始 
INFO  2016-11-09 14:24:40,000 [loginfo] 取消超时订单,当前系统时间:2016-11-09 14:24:40
INFO  2016-11-09 14:24:49,000 [loginfo] 任务 取消超时订单 结束 成功执行
INFO  2016-11-09 14:25:00,000 [loginfo] 任务 取消超时订单 开始 
INFO  2016-11-09 14:25:00,000 [loginfo] 取消超时订单,当前系统时间:2016-11-09 14:25:00
INFO  2016-11-09 14:25:09,001 [loginfo] 任务 取消超时订单 结束 成功执行
INFO  2016-11-09 14:25:20,000 [loginfo] 任务 取消超时订单 开始 
INFO  2016-11-09 14:25:20,000 [loginfo] 取消超时订单,当前系统时间:2016-11-09 14:25:20
INFO  2016-11-09 14:25:29,001 [loginfo] 任务 取消超时订单 结束 成功执行
INFO  2016-11-09 14:25:40,000 [loginfo] 任务 取消超时订单 开始 
INFO  2016-11-09 14:25:40,000 [loginfo] 取消超时订单,当前系统时间:2016-11-09 14:25:40
INFO  2016-11-09 14:25:49,001 [loginfo] 任务 取消超时订单 结束 成功执行
INFO  2016-11-09 14:26:00,000 [loginfo] 任务 取消超时订单 开始 
INFO  2016-11-09 14:26:00,000 [loginfo] 取消超时订单,当前系统时间:2016-11-09 14:26:00
INFO  2016-11-09 14:26:09,001 [loginfo] 任务 取消超时订单 结束 成功执行
INFO  2016-11-09 14:26:20,000 [loginfo] 任务 取消超时订单 开始 
INFO  2016-11-09 14:26:20,000 [loginfo] 取消超时订单,当前系统时间:2016-11-09 14:26:20
INFO  2016-11-09 14:26:29,000 [loginfo] 任务 取消超时订单 结束 成功执行
INFO  2016-11-09 14:26:40,000 [loginfo] 任务 取消超时订单 开始 
INFO  2016-11-09 14:26:40,001 [loginfo] 取消超时订单,当前系统时间:2016-11-09 14:26:40
INFO  2016-11-09 14:26:49,001 [loginfo] 任务 取消超时订单 结束 成功执行
INFO  2016-11-09 14:27:00,000 [loginfo] 任务 取消超时订单 开始 
INFO  2016-11-09 14:27:00,000 [loginfo] 取消超时订单,当前系统时间:2016-11-09 14:27:00
INFO  2016-11-09 14:27:09,000 [loginfo] 任务 取消超时订单 结束 成功执行
INFO  2016-11-09 14:27:20,000 [loginfo] 任务 取消超时订单 开始 
INFO  2016-11-09 14:27:20,000 [loginfo] 取消超时订单,当前系统时间:2016-11-09 14:27:20
INFO  2016-11-09 14:27:29,002 [loginfo] 任务 取消超时订单 结束 成功执行
INFO  2016-11-09 14:27:40,000 [loginfo] 任务 取消超时订单 开始 
INFO  2016-11-09 14:27:40,000 [loginfo] 取消超时订单,当前系统时间:2016-11-09 14:27:40
INFO  2016-11-09 14:27:49,001 [loginfo] 任务 取消超时订单 结束 成功执行
INFO  2016-11-09 14:28:00,000 [loginfo] 任务 取消超时订单 开始 
INFO  2016-11-09 14:28:00,000 [loginfo] 取消超时订单,当前系统时间:2016-11-09 14:28:00
INFO  2016-11-09 14:28:09,001 [loginfo] 任务 取消超时订单 结束 成功执行
INFO  2016-11-09 14:28:20,000 [loginfo] 任务 取消超时订单 开始 
INFO  2016-11-09 14:28:20,000 [loginfo] 取消超时订单,当前系统时间:2016-11-09 14:28:20
INFO  2016-11-09 14:28:29,001 [loginfo] 任务 取消超时订单 结束 成功执行
INFO  2016-11-09 14:28:40,000 [loginfo] 任务 取消超时订单 开始 
INFO  2016-11-09 14:28:40,000 [loginfo] 取消超时订单,当前系统时间:2016-11-09 14:28:40
INFO  2016-11-09 14:28:49,000 [loginfo] 任务 取消超时订单 结束 成功执行
INFO  2016-11-09 14:29:00,000 [loginfo] 任务 取消超时订单 开始 
INFO  2016-11-09 14:29:00,000 [loginfo] 取消超时订单,当前系统时间:2016-11-09 14:29:00
INFO  2016-11-09 14:29:09,000 [loginfo] 任务 取消超时订单 结束 成功执行
INFO  2016-11-09 14:29:20,000 [loginfo] 任务 取消超时订单 开始 
INFO  2016-11-09 14:29:20,001 [loginfo] 取消超时订单,当前系统时间:2016-11-09 14:29:20
INFO  2016-11-09 14:29:29,001 [loginfo] 任务 取消超时订单 结束 成功执行
