INFO  2016-11-11 13:43:22,780 [loginfo] 任务调度初始化成功！
INFO  2016-11-11 13:43:22,840 [loginfo] 任务“测试任务,输出当前时间”启动成功,未来5次运行时间如下:
INFO  2016-11-11 13:43:22,844 [loginfo] 2016/11/11 13:43:30
INFO  2016-11-11 13:43:22,844 [loginfo] 2016/11/11 13:43:40
INFO  2016-11-11 13:43:22,844 [loginfo] 2016/11/11 13:43:50
INFO  2016-11-11 13:43:22,844 [loginfo] 2016/11/11 13:44:00
INFO  2016-11-11 13:43:22,844 [loginfo] 2016/11/11 13:44:10
INFO  2016-11-11 13:43:22,847 [loginfo] 任务“取消超时订单”启动成功,未来5次运行时间如下:
INFO  2016-11-11 13:43:22,847 [loginfo] 2016/11/11 13:43:40
INFO  2016-11-11 13:43:22,847 [loginfo] 2016/11/11 13:44:00
INFO  2016-11-11 13:43:22,847 [loginfo] 2016/11/11 13:44:20
INFO  2016-11-11 13:43:22,847 [loginfo] 2016/11/11 13:44:40
INFO  2016-11-11 13:43:22,847 [loginfo] 2016/11/11 13:45:00
INFO  2016-11-11 13:43:22,847 [loginfo] 任务调度启动成功！
INFO  2016-11-11 13:43:30,420 [loginfo] 任务 测试任务,输出当前时间 开始 
INFO  2016-11-11 13:43:30,420 [loginfo] 当前系统时间:2016-11-11 13:43:30
INFO  2016-11-11 13:43:39,423 [loginfo] 任务 测试任务,输出当前时间 结束 成功执行
INFO  2016-11-11 13:43:40,002 [loginfo] 任务 测试任务,输出当前时间 开始 
INFO  2016-11-11 13:43:40,002 [loginfo] 当前系统时间:2016-11-11 13:43:40
INFO  2016-11-11 13:43:40,002 [loginfo] 任务 取消超时订单 开始 
INFO  2016-11-11 13:43:40,002 [loginfo] 取消超时订单,当前系统时间:2016-11-11 13:43:40
INFO  2016-11-11 13:43:49,005 [loginfo] 任务 测试任务,输出当前时间 结束 成功执行
INFO  2016-11-11 13:43:49,005 [loginfo] 任务 取消超时订单 结束 成功执行
INFO  2016-11-11 13:43:50,012 [loginfo] 任务 测试任务,输出当前时间 开始 
INFO  2016-11-11 13:43:50,012 [loginfo] 当前系统时间:2016-11-11 13:43:50
INFO  2016-11-11 13:43:59,021 [loginfo] 任务 测试任务,输出当前时间 结束 成功执行
INFO  2016-11-11 13:44:00,004 [loginfo] 任务 测试任务,输出当前时间 开始 
INFO  2016-11-11 13:44:00,004 [loginfo] 当前系统时间:2016-11-11 13:44:00
INFO  2016-11-11 13:44:00,004 [loginfo] 任务 取消超时订单 开始 
INFO  2016-11-11 13:44:00,004 [loginfo] 取消超时订单,当前系统时间:2016-11-11 13:44:00
INFO  2016-11-11 13:44:09,005 [loginfo] 任务 取消超时订单 结束 成功执行
INFO  2016-11-11 13:44:09,005 [loginfo] 任务 测试任务,输出当前时间 结束 成功执行
INFO  2016-11-11 13:44:10,004 [loginfo] 任务 测试任务,输出当前时间 开始 
INFO  2016-11-11 13:44:10,004 [loginfo] 当前系统时间:2016-11-11 13:44:10
INFO  2016-11-11 13:44:19,009 [loginfo] 任务 测试任务,输出当前时间 结束 成功执行
INFO  2016-11-11 13:44:20,007 [loginfo] 任务 测试任务,输出当前时间 开始 
INFO  2016-11-11 13:44:20,007 [loginfo] 任务 取消超时订单 开始 
INFO  2016-11-11 13:44:20,007 [loginfo] 取消超时订单,当前系统时间:2016-11-11 13:44:20
INFO  2016-11-11 13:44:20,007 [loginfo] 当前系统时间:2016-11-11 13:44:20
INFO  2016-11-11 13:44:29,010 [loginfo] 任务 测试任务,输出当前时间 结束 成功执行
INFO  2016-11-11 13:44:29,010 [loginfo] 任务 取消超时订单 结束 成功执行
INFO  2016-11-11 13:44:30,009 [loginfo] 任务 测试任务,输出当前时间 开始 
INFO  2016-11-11 13:44:30,009 [loginfo] 当前系统时间:2016-11-11 13:44:30
INFO  2016-11-11 13:44:39,010 [loginfo] 任务 测试任务,输出当前时间 结束 成功执行
INFO  2016-11-11 13:44:40,008 [loginfo] 任务 取消超时订单 开始 
INFO  2016-11-11 13:44:40,008 [loginfo] 取消超时订单,当前系统时间:2016-11-11 13:44:40
INFO  2016-11-11 13:44:40,008 [loginfo] 任务 测试任务,输出当前时间 开始 
INFO  2016-11-11 13:44:40,008 [loginfo] 当前系统时间:2016-11-11 13:44:40
INFO  2016-11-11 13:44:49,014 [loginfo] 任务 测试任务,输出当前时间 结束 成功执行
INFO  2016-11-11 13:44:49,014 [loginfo] 任务 取消超时订单 结束 成功执行
INFO  2016-11-11 13:44:50,012 [loginfo] 任务 测试任务,输出当前时间 开始 
INFO  2016-11-11 13:44:50,012 [loginfo] 当前系统时间:2016-11-11 13:44:50
INFO  2016-11-11 13:44:59,015 [loginfo] 任务 测试任务,输出当前时间 结束 成功执行
INFO  2016-11-11 13:45:00,014 [loginfo] 任务 测试任务,输出当前时间 开始 
INFO  2016-11-11 13:45:00,014 [loginfo] 当前系统时间:2016-11-11 13:45:00
INFO  2016-11-11 13:45:00,014 [loginfo] 任务 取消超时订单 开始 
INFO  2016-11-11 13:45:00,014 [loginfo] 取消超时订单,当前系统时间:2016-11-11 13:45:00
INFO  2016-11-11 13:45:09,015 [loginfo] 任务 测试任务,输出当前时间 结束 成功执行
INFO  2016-11-11 13:45:09,015 [loginfo] 任务 取消超时订单 结束 成功执行
INFO  2016-11-11 13:45:10,013 [loginfo] 任务 测试任务,输出当前时间 开始 
INFO  2016-11-11 13:45:10,013 [loginfo] 当前系统时间:2016-11-11 13:45:10
INFO  2016-11-11 13:45:19,018 [loginfo] 任务 测试任务,输出当前时间 结束 成功执行
INFO  2016-11-11 13:45:20,001 [loginfo] 任务 测试任务,输出当前时间 开始 
INFO  2016-11-11 13:45:20,001 [loginfo] 当前系统时间:2016-11-11 13:45:20
INFO  2016-11-11 13:45:20,001 [loginfo] 任务 取消超时订单 开始 
INFO  2016-11-11 13:45:20,001 [loginfo] 取消超时订单,当前系统时间:2016-11-11 13:45:20
INFO  2016-11-11 13:45:29,002 [loginfo] 任务 取消超时订单 结束 成功执行
INFO  2016-11-11 13:45:29,002 [loginfo] 任务 测试任务,输出当前时间 结束 成功执行
INFO  2016-11-11 13:45:30,001 [loginfo] 任务 测试任务,输出当前时间 开始 
INFO  2016-11-11 13:45:30,001 [loginfo] 当前系统时间:2016-11-11 13:45:30
INFO  2016-11-11 13:45:39,002 [loginfo] 任务 测试任务,输出当前时间 结束 成功执行
INFO  2016-11-11 13:45:40,000 [loginfo] 任务 测试任务,输出当前时间 开始 
INFO  2016-11-11 13:45:40,000 [loginfo] 任务 取消超时订单 开始 
INFO  2016-11-11 13:45:40,001 [loginfo] 取消超时订单,当前系统时间:2016-11-11 13:45:40
INFO  2016-11-11 13:45:40,000 [loginfo] 当前系统时间:2016-11-11 13:45:40
INFO  2016-11-11 13:45:49,001 [loginfo] 任务 取消超时订单 结束 成功执行
INFO  2016-11-11 13:45:49,001 [loginfo] 任务 测试任务,输出当前时间 结束 成功执行
INFO  2016-11-11 13:45:50,000 [loginfo] 任务 测试任务,输出当前时间 开始 
INFO  2016-11-11 13:45:50,000 [loginfo] 当前系统时间:2016-11-11 13:45:50
INFO  2016-11-11 13:45:59,001 [loginfo] 任务 测试任务,输出当前时间 结束 成功执行
INFO  2016-11-11 13:46:00,000 [loginfo] 任务 测试任务,输出当前时间 开始 
INFO  2016-11-11 13:46:00,000 [loginfo] 当前系统时间:2016-11-11 13:46:00
INFO  2016-11-11 13:46:00,000 [loginfo] 任务 取消超时订单 开始 
INFO  2016-11-11 13:46:00,000 [loginfo] 取消超时订单,当前系统时间:2016-11-11 13:46:00
INFO  2016-11-11 13:46:09,000 [loginfo] 任务 测试任务,输出当前时间 结束 成功执行
INFO  2016-11-11 13:46:09,001 [loginfo] 任务 取消超时订单 结束 成功执行
INFO  2016-11-11 13:46:10,000 [loginfo] 任务 测试任务,输出当前时间 开始 
INFO  2016-11-11 13:46:10,000 [loginfo] 当前系统时间:2016-11-11 13:46:10
INFO  2016-11-11 13:46:19,001 [loginfo] 任务 测试任务,输出当前时间 结束 成功执行
INFO  2016-11-11 13:46:20,000 [loginfo] 任务 测试任务,输出当前时间 开始 
INFO  2016-11-11 13:46:20,000 [loginfo] 当前系统时间:2016-11-11 13:46:20
INFO  2016-11-11 13:46:20,000 [loginfo] 任务 取消超时订单 开始 
INFO  2016-11-11 13:46:20,000 [loginfo] 取消超时订单,当前系统时间:2016-11-11 13:46:20
INFO  2016-11-11 13:46:29,000 [loginfo] 任务 测试任务,输出当前时间 结束 成功执行
INFO  2016-11-11 13:46:29,001 [loginfo] 任务 取消超时订单 结束 成功执行
INFO  2016-11-11 13:46:30,000 [loginfo] 任务 测试任务,输出当前时间 开始 
INFO  2016-11-11 13:46:30,000 [loginfo] 当前系统时间:2016-11-11 13:46:30
INFO  2016-11-11 13:46:39,000 [loginfo] 任务 测试任务,输出当前时间 结束 成功执行
INFO  2016-11-11 13:46:40,000 [loginfo] 任务 取消超时订单 开始 
INFO  2016-11-11 13:46:40,000 [loginfo] 取消超时订单,当前系统时间:2016-11-11 13:46:40
INFO  2016-11-11 13:46:40,000 [loginfo] 任务 测试任务,输出当前时间 开始 
INFO  2016-11-11 13:46:40,000 [loginfo] 当前系统时间:2016-11-11 13:46:40
INFO  2016-11-11 13:46:49,001 [loginfo] 任务 取消超时订单 结束 成功执行
INFO  2016-11-11 13:46:49,001 [loginfo] 任务 测试任务,输出当前时间 结束 成功执行
INFO  2016-11-11 13:46:50,000 [loginfo] 任务 测试任务,输出当前时间 开始 
INFO  2016-11-11 13:46:50,000 [loginfo] 当前系统时间:2016-11-11 13:46:50
INFO  2016-11-11 13:46:59,000 [loginfo] 任务 测试任务,输出当前时间 结束 成功执行
INFO  2016-11-11 13:47:00,004 [loginfo] 任务 测试任务,输出当前时间 开始 
INFO  2016-11-11 13:47:00,004 [loginfo] 当前系统时间:2016-11-11 13:47:00
INFO  2016-11-11 13:47:00,005 [loginfo] 任务 取消超时订单 开始 
INFO  2016-11-11 13:47:00,005 [loginfo] 取消超时订单,当前系统时间:2016-11-11 13:47:00
INFO  2016-11-11 13:47:09,005 [loginfo] 任务 测试任务,输出当前时间 结束 成功执行
INFO  2016-11-11 13:47:09,006 [loginfo] 任务 取消超时订单 结束 成功执行
INFO  2016-11-11 13:47:10,000 [loginfo] 任务 测试任务,输出当前时间 开始 
INFO  2016-11-11 13:47:10,000 [loginfo] 当前系统时间:2016-11-11 13:47:10
INFO  2016-11-11 13:47:19,000 [loginfo] 任务 测试任务,输出当前时间 结束 成功执行
INFO  2016-11-11 13:47:20,000 [loginfo] 任务 测试任务,输出当前时间 开始 
INFO  2016-11-11 13:47:20,000 [loginfo] 任务 取消超时订单 开始 
INFO  2016-11-11 13:47:20,001 [loginfo] 取消超时订单,当前系统时间:2016-11-11 13:47:20
INFO  2016-11-11 13:47:20,000 [loginfo] 当前系统时间:2016-11-11 13:47:20
INFO  2016-11-11 13:47:29,002 [loginfo] 任务 测试任务,输出当前时间 结束 成功执行
INFO  2016-11-11 13:47:29,002 [loginfo] 任务 取消超时订单 结束 成功执行
INFO  2016-11-11 13:47:30,000 [loginfo] 任务 测试任务,输出当前时间 开始 
INFO  2016-11-11 13:47:30,000 [loginfo] 当前系统时间:2016-11-11 13:47:30
INFO  2016-11-11 13:47:39,000 [loginfo] 任务 测试任务,输出当前时间 结束 成功执行
INFO  2016-11-11 13:47:40,000 [loginfo] 任务 测试任务,输出当前时间 开始 
INFO  2016-11-11 13:47:40,000 [loginfo] 当前系统时间:2016-11-11 13:47:40
INFO  2016-11-11 13:47:40,000 [loginfo] 任务 取消超时订单 开始 
INFO  2016-11-11 13:47:40,001 [loginfo] 取消超时订单,当前系统时间:2016-11-11 13:47:40
INFO  2016-11-11 13:47:49,000 [loginfo] 任务 测试任务,输出当前时间 结束 成功执行
INFO  2016-11-11 13:47:49,001 [loginfo] 任务 取消超时订单 结束 成功执行
INFO  2016-11-11 13:47:50,000 [loginfo] 任务 测试任务,输出当前时间 开始 
INFO  2016-11-11 13:47:50,000 [loginfo] 当前系统时间:2016-11-11 13:47:50
INFO  2016-11-11 13:47:59,001 [loginfo] 任务 测试任务,输出当前时间 结束 成功执行
INFO  2016-11-11 13:48:00,000 [loginfo] 任务 测试任务,输出当前时间 开始 
INFO  2016-11-11 13:48:00,000 [loginfo] 当前系统时间:2016-11-11 13:48:00
INFO  2016-11-11 13:48:00,000 [loginfo] 任务 取消超时订单 开始 
INFO  2016-11-11 13:48:00,001 [loginfo] 取消超时订单,当前系统时间:2016-11-11 13:48:00
INFO  2016-11-11 13:48:09,000 [loginfo] 任务 测试任务,输出当前时间 结束 成功执行
INFO  2016-11-11 13:48:09,001 [loginfo] 任务 取消超时订单 结束 成功执行
INFO  2016-11-11 13:48:10,000 [loginfo] 任务 测试任务,输出当前时间 开始 
INFO  2016-11-11 13:48:10,000 [loginfo] 当前系统时间:2016-11-11 13:48:10
INFO  2016-11-11 13:48:19,001 [loginfo] 任务 测试任务,输出当前时间 结束 成功执行
INFO  2016-11-11 13:48:20,000 [loginfo] 任务 测试任务,输出当前时间 开始 
INFO  2016-11-11 13:48:20,001 [loginfo] 当前系统时间:2016-11-11 13:48:20
INFO  2016-11-11 13:48:20,001 [loginfo] 任务 取消超时订单 开始 
INFO  2016-11-11 13:48:20,001 [loginfo] 取消超时订单,当前系统时间:2016-11-11 13:48:20
INFO  2016-11-11 13:48:29,001 [loginfo] 任务 测试任务,输出当前时间 结束 成功执行
INFO  2016-11-11 13:48:29,001 [loginfo] 任务 取消超时订单 结束 成功执行
INFO  2016-11-11 13:48:30,000 [loginfo] 任务 测试任务,输出当前时间 开始 
INFO  2016-11-11 13:48:30,000 [loginfo] 当前系统时间:2016-11-11 13:48:30
INFO  2016-11-11 13:48:39,001 [loginfo] 任务 测试任务,输出当前时间 结束 成功执行
INFO  2016-11-11 13:48:40,000 [loginfo] 任务 测试任务,输出当前时间 开始 
INFO  2016-11-11 13:48:40,000 [loginfo] 任务 取消超时订单 开始 
INFO  2016-11-11 13:48:40,000 [loginfo] 取消超时订单,当前系统时间:2016-11-11 13:48:40
INFO  2016-11-11 13:48:40,000 [loginfo] 当前系统时间:2016-11-11 13:48:40
INFO  2016-11-11 13:48:49,000 [loginfo] 任务 测试任务,输出当前时间 结束 成功执行
INFO  2016-11-11 13:48:49,000 [loginfo] 任务 取消超时订单 结束 成功执行
INFO  2016-11-11 13:48:50,000 [loginfo] 任务 测试任务,输出当前时间 开始 
INFO  2016-11-11 13:48:50,001 [loginfo] 当前系统时间:2016-11-11 13:48:50
INFO  2016-11-11 13:48:59,001 [loginfo] 任务 测试任务,输出当前时间 结束 成功执行
INFO  2016-11-11 13:49:00,000 [loginfo] 任务 测试任务,输出当前时间 开始 
INFO  2016-11-11 13:49:00,000 [loginfo] 当前系统时间:2016-11-11 13:49:00
INFO  2016-11-11 13:49:00,000 [loginfo] 任务 取消超时订单 开始 
INFO  2016-11-11 13:49:00,000 [loginfo] 取消超时订单,当前系统时间:2016-11-11 13:49:00
INFO  2016-11-11 13:49:09,001 [loginfo] 任务 取消超时订单 结束 成功执行
INFO  2016-11-11 13:49:09,001 [loginfo] 任务 测试任务,输出当前时间 结束 成功执行
INFO  2016-11-11 13:49:10,000 [loginfo] 任务 测试任务,输出当前时间 开始 
INFO  2016-11-11 13:49:10,000 [loginfo] 当前系统时间:2016-11-11 13:49:10
INFO  2016-11-11 13:49:19,000 [loginfo] 任务 测试任务,输出当前时间 结束 成功执行
INFO  2016-11-11 13:49:20,000 [loginfo] 任务 测试任务,输出当前时间 开始 
INFO  2016-11-11 13:49:20,000 [loginfo] 当前系统时间:2016-11-11 13:49:20
INFO  2016-11-11 13:49:20,000 [loginfo] 任务 取消超时订单 开始 
INFO  2016-11-11 13:49:20,000 [loginfo] 取消超时订单,当前系统时间:2016-11-11 13:49:20
