INFO  2016-11-14 14:54:35,641 [loginfo] 任务调度初始化成功！
INFO  2016-11-14 14:54:35,871 [loginfo] 任务“测试任务11,输出当前时间”启动成功,未来5次运行时间如下:
INFO  2016-11-14 14:54:35,919 [loginfo] 2016/11/14 14:54:40
INFO  2016-11-14 14:54:35,919 [loginfo] 2016/11/14 14:54:50
INFO  2016-11-14 14:54:35,919 [loginfo] 2016/11/14 14:55:00
INFO  2016-11-14 14:54:35,919 [loginfo] 2016/11/14 14:55:10
INFO  2016-11-14 14:54:35,919 [loginfo] 2016/11/14 14:55:20
INFO  2016-11-14 14:54:35,919 [loginfo] 任务调度启动成功！
INFO  2016-11-14 14:54:40,116 [loginfo] 任务 测试任务11,输出当前时间 开始 
INFO  2016-11-14 14:54:40,119 [loginfo] 当前系统时间:2016-11-14 14:54:40
INFO  2016-11-14 14:54:49,120 [loginfo] 任务 测试任务11,输出当前时间 结束 成功执行
INFO  2016-11-14 14:54:50,007 [loginfo] 任务 测试任务11,输出当前时间 开始 
INFO  2016-11-14 14:54:50,007 [loginfo] 当前系统时间:2016-11-14 14:54:50
INFO  2016-11-14 14:54:59,007 [loginfo] 任务 测试任务11,输出当前时间 结束 成功执行
INFO  2016-11-14 14:55:00,002 [loginfo] 任务 测试任务11,输出当前时间 开始 
INFO  2016-11-14 14:55:00,002 [loginfo] 当前系统时间:2016-11-14 14:55:00
INFO  2016-11-14 14:55:09,003 [loginfo] 任务 测试任务11,输出当前时间 结束 成功执行
INFO  2016-11-14 14:55:10,003 [loginfo] 任务 测试任务11,输出当前时间 开始 
INFO  2016-11-14 14:55:10,003 [loginfo] 当前系统时间:2016-11-14 14:55:10
INFO  2016-11-14 14:55:19,003 [loginfo] 任务 测试任务11,输出当前时间 结束 成功执行
INFO  2016-11-14 14:55:20,000 [loginfo] 任务 测试任务11,输出当前时间 开始 
INFO  2016-11-14 14:55:20,001 [loginfo] 当前系统时间:2016-11-14 14:55:20
INFO  2016-11-14 14:55:29,001 [loginfo] 任务 测试任务11,输出当前时间 结束 成功执行
INFO  2016-11-14 14:55:30,003 [loginfo] 任务 测试任务11,输出当前时间 开始 
INFO  2016-11-14 14:55:30,003 [loginfo] 当前系统时间:2016-11-14 14:55:30
INFO  2016-11-14 14:55:39,005 [loginfo] 任务 测试任务11,输出当前时间 结束 成功执行
INFO  2016-11-14 14:55:40,000 [loginfo] 任务 测试任务11,输出当前时间 开始 
INFO  2016-11-14 14:55:40,001 [loginfo] 当前系统时间:2016-11-14 14:55:40
INFO  2016-11-14 14:55:49,001 [loginfo] 任务 测试任务11,输出当前时间 结束 成功执行
INFO  2016-11-14 14:55:50,001 [loginfo] 任务 测试任务11,输出当前时间 开始 
INFO  2016-11-14 14:55:50,001 [loginfo] 当前系统时间:2016-11-14 14:55:50
INFO  2016-11-14 14:55:59,002 [loginfo] 任务 测试任务11,输出当前时间 结束 成功执行
INFO  2016-11-14 14:56:00,003 [loginfo] 任务 测试任务11,输出当前时间 开始 
INFO  2016-11-14 14:56:00,003 [loginfo] 当前系统时间:2016-11-14 14:56:00
INFO  2016-11-14 14:56:09,004 [loginfo] 任务 测试任务11,输出当前时间 结束 成功执行
INFO  2016-11-14 14:56:10,006 [loginfo] 任务 测试任务11,输出当前时间 开始 
INFO  2016-11-14 14:56:10,006 [loginfo] 当前系统时间:2016-11-14 14:56:10
INFO  2016-11-14 14:56:19,007 [loginfo] 任务 测试任务11,输出当前时间 结束 成功执行
INFO  2016-11-14 14:56:20,006 [loginfo] 任务 测试任务11,输出当前时间 开始 
INFO  2016-11-14 14:56:20,006 [loginfo] 当前系统时间:2016-11-14 14:56:20
INFO  2016-11-14 14:56:29,006 [loginfo] 任务 测试任务11,输出当前时间 结束 成功执行
INFO  2016-11-14 14:56:30,005 [loginfo] 任务 测试任务11,输出当前时间 开始 
INFO  2016-11-14 14:56:30,005 [loginfo] 当前系统时间:2016-11-14 14:56:30
INFO  2016-11-14 14:56:39,005 [loginfo] 任务 测试任务11,输出当前时间 结束 成功执行
INFO  2016-11-14 14:56:40,013 [loginfo] 任务 测试任务11,输出当前时间 开始 
INFO  2016-11-14 14:56:40,013 [loginfo] 当前系统时间:2016-11-14 14:56:40
INFO  2016-11-14 14:56:49,014 [loginfo] 任务 测试任务11,输出当前时间 结束 成功执行
INFO  2016-11-14 14:56:50,005 [loginfo] 任务 测试任务11,输出当前时间 开始 
INFO  2016-11-14 14:56:50,006 [loginfo] 当前系统时间:2016-11-14 14:56:50
INFO  2016-11-14 14:56:59,006 [loginfo] 任务 测试任务11,输出当前时间 结束 成功执行
INFO  2016-11-14 14:57:00,001 [loginfo] 任务 测试任务11,输出当前时间 开始 
INFO  2016-11-14 14:57:00,001 [loginfo] 当前系统时间:2016-11-14 14:57:00
INFO  2016-11-14 14:57:09,002 [loginfo] 任务 测试任务11,输出当前时间 结束 成功执行
INFO  2016-11-14 14:57:10,001 [loginfo] 任务 测试任务11,输出当前时间 开始 
INFO  2016-11-14 14:57:10,001 [loginfo] 当前系统时间:2016-11-14 14:57:10
INFO  2016-11-14 14:57:19,001 [loginfo] 任务 测试任务11,输出当前时间 结束 成功执行
INFO  2016-11-14 14:57:20,015 [loginfo] 任务 测试任务11,输出当前时间 开始 
INFO  2016-11-14 14:57:20,015 [loginfo] 当前系统时间:2016-11-14 14:57:20
INFO  2016-11-14 14:57:29,016 [loginfo] 任务 测试任务11,输出当前时间 结束 成功执行
INFO  2016-11-14 14:57:30,001 [loginfo] 任务 测试任务11,输出当前时间 开始 
INFO  2016-11-14 14:57:30,001 [loginfo] 当前系统时间:2016-11-14 14:57:30
INFO  2016-11-14 14:57:39,001 [loginfo] 任务 测试任务11,输出当前时间 结束 成功执行
INFO  2016-11-14 14:57:40,070 [loginfo] 任务 测试任务11,输出当前时间 开始 
INFO  2016-11-14 14:57:40,084 [loginfo] 当前系统时间:2016-11-14 14:57:40
INFO  2016-11-14 14:57:49,084 [loginfo] 任务 测试任务11,输出当前时间 结束 成功执行
INFO  2016-11-14 14:57:50,001 [loginfo] 任务 测试任务11,输出当前时间 开始 
INFO  2016-11-14 14:57:50,001 [loginfo] 当前系统时间:2016-11-14 14:57:50
INFO  2016-11-14 14:57:59,002 [loginfo] 任务 测试任务11,输出当前时间 结束 成功执行
INFO  2016-11-14 14:58:00,003 [loginfo] 任务 测试任务11,输出当前时间 开始 
INFO  2016-11-14 14:58:00,003 [loginfo] 当前系统时间:2016-11-14 14:58:00
INFO  2016-11-14 14:58:09,003 [loginfo] 任务 测试任务11,输出当前时间 结束 成功执行
INFO  2016-11-14 14:58:10,011 [loginfo] 任务 测试任务11,输出当前时间 开始 
INFO  2016-11-14 14:58:10,011 [loginfo] 当前系统时间:2016-11-14 14:58:10
INFO  2016-11-14 14:58:19,012 [loginfo] 任务 测试任务11,输出当前时间 结束 成功执行
INFO  2016-11-14 14:58:20,003 [loginfo] 任务 测试任务11,输出当前时间 开始 
INFO  2016-11-14 14:58:20,003 [loginfo] 当前系统时间:2016-11-14 14:58:20
INFO  2016-11-14 14:58:29,003 [loginfo] 任务 测试任务11,输出当前时间 结束 成功执行
INFO  2016-11-14 14:58:30,014 [loginfo] 任务 测试任务11,输出当前时间 开始 
INFO  2016-11-14 14:58:30,014 [loginfo] 当前系统时间:2016-11-14 14:58:30
INFO  2016-11-14 14:58:39,015 [loginfo] 任务 测试任务11,输出当前时间 结束 成功执行
INFO  2016-11-14 14:58:40,002 [loginfo] 任务 测试任务11,输出当前时间 开始 
INFO  2016-11-14 14:58:40,002 [loginfo] 当前系统时间:2016-11-14 14:58:40
INFO  2016-11-14 14:58:49,002 [loginfo] 任务 测试任务11,输出当前时间 结束 成功执行
INFO  2016-11-14 14:58:50,012 [loginfo] 任务 测试任务11,输出当前时间 开始 
INFO  2016-11-14 14:58:50,012 [loginfo] 当前系统时间:2016-11-14 14:58:50
INFO  2016-11-14 14:58:59,012 [loginfo] 任务 测试任务11,输出当前时间 结束 成功执行
INFO  2016-11-14 14:59:00,005 [loginfo] 任务 测试任务11,输出当前时间 开始 
INFO  2016-11-14 14:59:00,005 [loginfo] 当前系统时间:2016-11-14 14:59:00
INFO  2016-11-14 14:59:09,006 [loginfo] 任务 测试任务11,输出当前时间 结束 成功执行
INFO  2016-11-14 14:59:10,002 [loginfo] 任务 测试任务11,输出当前时间 开始 
INFO  2016-11-14 14:59:10,003 [loginfo] 当前系统时间:2016-11-14 14:59:10
INFO  2016-11-14 14:59:19,003 [loginfo] 任务 测试任务11,输出当前时间 结束 成功执行
INFO  2016-11-14 14:59:20,002 [loginfo] 任务 测试任务11,输出当前时间 开始 
INFO  2016-11-14 14:59:20,002 [loginfo] 当前系统时间:2016-11-14 14:59:20
INFO  2016-11-14 14:59:29,003 [loginfo] 任务 测试任务11,输出当前时间 结束 成功执行
INFO  2016-11-14 14:59:30,003 [loginfo] 任务 测试任务11,输出当前时间 开始 
INFO  2016-11-14 14:59:30,003 [loginfo] 当前系统时间:2016-11-14 14:59:30
INFO  2016-11-14 14:59:39,004 [loginfo] 任务 测试任务11,输出当前时间 结束 成功执行
INFO  2016-11-14 14:59:40,001 [loginfo] 任务 测试任务11,输出当前时间 开始 
INFO  2016-11-14 14:59:40,001 [loginfo] 当前系统时间:2016-11-14 14:59:40
INFO  2016-11-14 14:59:49,002 [loginfo] 任务 测试任务11,输出当前时间 结束 成功执行
INFO  2016-11-14 14:59:50,009 [loginfo] 任务 测试任务11,输出当前时间 开始 
INFO  2016-11-14 14:59:50,009 [loginfo] 当前系统时间:2016-11-14 14:59:50
INFO  2016-11-14 14:59:59,009 [loginfo] 任务 测试任务11,输出当前时间 结束 成功执行
INFO  2016-11-14 15:00:00,001 [loginfo] 任务 测试任务11,输出当前时间 开始 
INFO  2016-11-14 15:00:00,001 [loginfo] 当前系统时间:2016-11-14 15:00:00
INFO  2016-11-14 15:01:14,550 [loginfo] 任务调度初始化成功！
INFO  2016-11-14 15:01:14,625 [loginfo] 任务“测试任务11,输出当前时间”启动成功,未来5次运行时间如下:
INFO  2016-11-14 15:01:14,635 [loginfo] 2016/11/14 15:01:20
INFO  2016-11-14 15:01:14,635 [loginfo] 2016/11/14 15:01:30
INFO  2016-11-14 15:01:14,635 [loginfo] 2016/11/14 15:01:40
INFO  2016-11-14 15:01:14,635 [loginfo] 2016/11/14 15:01:50
INFO  2016-11-14 15:01:14,635 [loginfo] 2016/11/14 15:02:00
INFO  2016-11-14 15:01:14,635 [loginfo] 任务调度启动成功！
INFO  2016-11-14 15:01:20,027 [loginfo] 任务 测试任务11,输出当前时间 开始 
INFO  2016-11-14 15:01:20,029 [loginfo] 当前系统时间:2016-11-14 15:01:20
INFO  2016-11-14 15:01:29,030 [loginfo] 任务 测试任务11,输出当前时间 结束 成功执行
INFO  2016-11-14 15:01:30,001 [loginfo] 任务 测试任务11,输出当前时间 开始 
INFO  2016-11-14 15:01:30,001 [loginfo] 当前系统时间:2016-11-14 15:01:30
INFO  2016-11-14 15:01:39,001 [loginfo] 任务 测试任务11,输出当前时间 结束 成功执行
INFO  2016-11-14 15:01:40,010 [loginfo] 任务 测试任务11,输出当前时间 开始 
INFO  2016-11-14 15:01:40,011 [loginfo] 当前系统时间:2016-11-14 15:01:40
INFO  2016-11-14 15:01:49,012 [loginfo] 任务 测试任务11,输出当前时间 结束 成功执行
INFO  2016-11-14 15:01:50,003 [loginfo] 任务 测试任务11,输出当前时间 开始 
INFO  2016-11-14 15:01:50,003 [loginfo] 当前系统时间:2016-11-14 15:01:50
INFO  2016-11-14 15:01:59,003 [loginfo] 任务 测试任务11,输出当前时间 结束 成功执行
INFO  2016-11-14 15:02:00,001 [loginfo] 任务 测试任务11,输出当前时间 开始 
INFO  2016-11-14 15:02:00,001 [loginfo] 当前系统时间:2016-11-14 15:02:00
INFO  2016-11-14 15:02:09,002 [loginfo] 任务 测试任务11,输出当前时间 结束 成功执行
INFO  2016-11-14 15:03:21,949 [loginfo] 任务 测试任务11,输出当前时间 开始 
INFO  2016-11-14 15:03:21,950 [loginfo] 当前系统时间:2016-11-14 15:03:21
INFO  2016-11-14 15:03:30,951 [loginfo] 任务 测试任务11,输出当前时间 结束 成功执行
INFO  2016-11-14 15:03:30,964 [loginfo] 任务 测试任务11,输出当前时间 开始 
INFO  2016-11-14 15:03:30,964 [loginfo] 当前系统时间:2016-11-14 15:03:30
INFO  2016-11-14 15:03:39,964 [loginfo] 任务 测试任务11,输出当前时间 结束 成功执行
INFO  2016-11-14 15:03:40,001 [loginfo] 任务 测试任务11,输出当前时间 开始 
INFO  2016-11-14 15:03:40,001 [loginfo] 当前系统时间:2016-11-14 15:03:40
INFO  2016-11-14 15:03:49,002 [loginfo] 任务 测试任务11,输出当前时间 结束 成功执行
INFO  2016-11-14 15:03:50,001 [loginfo] 任务 测试任务11,输出当前时间 开始 
INFO  2016-11-14 15:03:50,001 [loginfo] 当前系统时间:2016-11-14 15:03:50
INFO  2016-11-14 15:03:59,001 [loginfo] 任务 测试任务11,输出当前时间 结束 成功执行
INFO  2016-11-14 15:04:00,001 [loginfo] 任务 测试任务11,输出当前时间 开始 
INFO  2016-11-14 15:04:00,001 [loginfo] 当前系统时间:2016-11-14 15:04:00
INFO  2016-11-14 15:04:09,002 [loginfo] 任务 测试任务11,输出当前时间 结束 成功执行
INFO  2016-11-14 15:04:10,284 [loginfo] 任务 测试任务11,输出当前时间 开始 
INFO  2016-11-14 15:04:10,284 [loginfo] 当前系统时间:2016-11-14 15:04:10
INFO  2016-11-14 15:04:19,284 [loginfo] 任务 测试任务11,输出当前时间 结束 成功执行
INFO  2016-11-14 15:04:20,009 [loginfo] 任务 测试任务11,输出当前时间 开始 
INFO  2016-11-14 15:04:20,009 [loginfo] 当前系统时间:2016-11-14 15:04:20
INFO  2016-11-14 15:04:29,010 [loginfo] 任务 测试任务11,输出当前时间 结束 成功执行
INFO  2016-11-14 15:04:30,005 [loginfo] 任务 测试任务11,输出当前时间 开始 
INFO  2016-11-14 15:04:30,005 [loginfo] 当前系统时间:2016-11-14 15:04:30
INFO  2016-11-14 15:04:39,005 [loginfo] 任务 测试任务11,输出当前时间 结束 成功执行
INFO  2016-11-14 15:04:40,021 [loginfo] 任务 测试任务11,输出当前时间 开始 
INFO  2016-11-14 15:04:40,021 [loginfo] 当前系统时间:2016-11-14 15:04:40
INFO  2016-11-14 15:04:49,021 [loginfo] 任务 测试任务11,输出当前时间 结束 成功执行
INFO  2016-11-14 15:04:50,006 [loginfo] 任务 测试任务11,输出当前时间 开始 
INFO  2016-11-14 15:04:50,007 [loginfo] 当前系统时间:2016-11-14 15:04:50
INFO  2016-11-14 15:04:59,008 [loginfo] 任务 测试任务11,输出当前时间 结束 成功执行
INFO  2016-11-14 15:05:00,006 [loginfo] 任务 测试任务11,输出当前时间 开始 
INFO  2016-11-14 15:05:00,006 [loginfo] 当前系统时间:2016-11-14 15:05:00
INFO  2016-11-14 15:05:09,006 [loginfo] 任务 测试任务11,输出当前时间 结束 成功执行
INFO  2016-11-14 15:05:10,018 [loginfo] 任务 测试任务11,输出当前时间 开始 
INFO  2016-11-14 15:05:10,018 [loginfo] 当前系统时间:2016-11-14 15:05:10
INFO  2016-11-14 15:05:19,019 [loginfo] 任务 测试任务11,输出当前时间 结束 成功执行
INFO  2016-11-14 15:05:20,051 [loginfo] 任务 测试任务11,输出当前时间 开始 
INFO  2016-11-14 15:05:20,053 [loginfo] 当前系统时间:2016-11-14 15:05:20
