INFO  2016-06-29 18:29:44,369 [loginfo] 任务调度初始化成功！
INFO  2016-06-29 18:30:32,972 [loginfo] 任务“测试任务11,输出当前时间”启动成功,未来5次运行时间如下:
INFO  2016-06-29 18:30:33,031 [loginfo] 2016/6/29 18:30:40
INFO  2016-06-29 18:30:33,031 [loginfo] 2016/6/29 18:30:50
INFO  2016-06-29 18:30:33,031 [loginfo] 2016/6/29 18:31:00
INFO  2016-06-29 18:30:33,031 [loginfo] 2016/6/29 18:31:10
INFO  2016-06-29 18:30:33,032 [loginfo] 2016/6/29 18:31:20
INFO  2016-06-29 18:30:35,231 [loginfo] 任务“测试任务12,输出当前时间”启动成功,未来5次运行时间如下:
INFO  2016-06-29 18:30:35,232 [loginfo] 2016/6/29 18:30:40
INFO  2016-06-29 18:30:35,232 [loginfo] 2016/6/29 18:30:50
INFO  2016-06-29 18:30:35,232 [loginfo] 2016/6/29 18:31:00
INFO  2016-06-29 18:30:35,232 [loginfo] 2016/6/29 18:31:10
INFO  2016-06-29 18:30:35,232 [loginfo] 2016/6/29 18:31:20
INFO  2016-06-29 18:30:37,533 [loginfo] 任务“测试任务3,输出当前时间”启动成功,未来5次运行时间如下:
INFO  2016-06-29 18:30:37,534 [loginfo] 2016/6/29 18:30:40
INFO  2016-06-29 18:30:37,534 [loginfo] 2016/6/29 18:30:50
INFO  2016-06-29 18:30:37,534 [loginfo] 2016/6/29 18:31:00
INFO  2016-06-29 18:30:37,534 [loginfo] 2016/6/29 18:31:10
INFO  2016-06-29 18:30:37,534 [loginfo] 2016/6/29 18:31:20
INFO  2016-06-29 18:30:37,535 [loginfo] 任务“测试任务4,输出当前时间”启动成功,未来5次运行时间如下:
INFO  2016-06-29 18:30:37,535 [loginfo] 2016/6/29 18:30:40
INFO  2016-06-29 18:30:37,535 [loginfo] 2016/6/29 18:30:50
INFO  2016-06-29 18:30:37,536 [loginfo] 2016/6/29 18:31:00
INFO  2016-06-29 18:30:37,536 [loginfo] 2016/6/29 18:31:10
INFO  2016-06-29 18:30:37,536 [loginfo] 2016/6/29 18:31:20
INFO  2016-06-29 18:30:37,536 [loginfo] 任务“测试任务5,输出当前时间”启动成功,未来5次运行时间如下:
INFO  2016-06-29 18:30:37,537 [loginfo] 2016/6/29 18:30:40
INFO  2016-06-29 18:30:37,537 [loginfo] 2016/6/29 18:30:50
INFO  2016-06-29 18:30:37,537 [loginfo] 2016/6/29 18:31:00
INFO  2016-06-29 18:30:37,537 [loginfo] 2016/6/29 18:31:10
INFO  2016-06-29 18:30:37,537 [loginfo] 2016/6/29 18:31:20
INFO  2016-06-29 18:30:37,538 [loginfo] 任务“测试任务6,输出当前时间”启动成功,未来5次运行时间如下:
INFO  2016-06-29 18:30:37,538 [loginfo] 2016/6/29 18:30:40
INFO  2016-06-29 18:30:37,538 [loginfo] 2016/6/29 18:30:50
INFO  2016-06-29 18:30:37,538 [loginfo] 2016/6/29 18:31:00
INFO  2016-06-29 18:30:37,538 [loginfo] 2016/6/29 18:31:10
INFO  2016-06-29 18:30:37,538 [loginfo] 2016/6/29 18:31:20
INFO  2016-06-29 18:30:37,539 [loginfo] 任务“测试任务7,输出当前时间”启动成功,未来5次运行时间如下:
INFO  2016-06-29 18:30:37,540 [loginfo] 2016/6/29 18:30:40
INFO  2016-06-29 18:30:37,540 [loginfo] 2016/6/29 18:30:50
INFO  2016-06-29 18:30:37,540 [loginfo] 2016/6/29 18:31:00
INFO  2016-06-29 18:30:37,540 [loginfo] 2016/6/29 18:31:10
INFO  2016-06-29 18:30:37,540 [loginfo] 2016/6/29 18:31:20
INFO  2016-06-29 18:30:37,540 [loginfo] 任务“测试任务8,输出当前时间”启动成功,未来5次运行时间如下:
INFO  2016-06-29 18:30:37,541 [loginfo] 2016/6/29 18:30:40
INFO  2016-06-29 18:30:37,541 [loginfo] 2016/6/29 18:30:50
INFO  2016-06-29 18:30:37,541 [loginfo] 2016/6/29 18:31:00
INFO  2016-06-29 18:30:37,541 [loginfo] 2016/6/29 18:31:10
INFO  2016-06-29 18:30:37,541 [loginfo] 2016/6/29 18:31:20
INFO  2016-06-29 18:30:37,542 [loginfo] 任务“测试任务9,输出当前时间”启动成功,未来5次运行时间如下:
INFO  2016-06-29 18:30:37,543 [loginfo] 2016/6/29 18:30:40
INFO  2016-06-29 18:30:37,543 [loginfo] 2016/6/29 18:30:50
INFO  2016-06-29 18:30:37,543 [loginfo] 2016/6/29 18:31:00
INFO  2016-06-29 18:30:37,543 [loginfo] 2016/6/29 18:31:10
INFO  2016-06-29 18:30:37,543 [loginfo] 2016/6/29 18:31:20
INFO  2016-06-29 18:30:37,543 [loginfo] 任务“测试任务10,输出当前时间”启动成功,未来5次运行时间如下:
INFO  2016-06-29 18:30:37,544 [loginfo] 2016/6/29 18:30:40
INFO  2016-06-29 18:30:37,544 [loginfo] 2016/6/29 18:30:50
INFO  2016-06-29 18:30:37,544 [loginfo] 2016/6/29 18:31:00
INFO  2016-06-29 18:30:37,544 [loginfo] 2016/6/29 18:31:10
INFO  2016-06-29 18:30:37,544 [loginfo] 2016/6/29 18:31:20
INFO  2016-06-29 18:30:37,545 [loginfo] 任务“测试任务1,输出当前时间”启动成功,未来5次运行时间如下:
INFO  2016-06-29 18:30:37,546 [loginfo] 2016/6/29 18:30:40
INFO  2016-06-29 18:30:37,546 [loginfo] 2016/6/29 18:30:50
INFO  2016-06-29 18:30:37,546 [loginfo] 2016/6/29 18:31:00
INFO  2016-06-29 18:30:37,546 [loginfo] 2016/6/29 18:31:10
INFO  2016-06-29 18:30:37,546 [loginfo] 2016/6/29 18:31:20
INFO  2016-06-29 18:30:37,546 [loginfo] 任务“测试任务2,输出当前时间”启动成功,未来5次运行时间如下:
INFO  2016-06-29 18:30:37,547 [loginfo] 2016/6/29 18:30:40
INFO  2016-06-29 18:30:37,547 [loginfo] 2016/6/29 18:30:50
INFO  2016-06-29 18:30:37,547 [loginfo] 2016/6/29 18:31:00
INFO  2016-06-29 18:30:37,547 [loginfo] 2016/6/29 18:31:10
INFO  2016-06-29 18:30:37,547 [loginfo] 2016/6/29 18:31:20
INFO  2016-06-29 18:30:37,547 [loginfo] 任务调度启动成功！
INFO  2016-06-29 18:30:40,180 [loginfo] 测试任务7,输出当前时间,当前系统时间:2016-06-29 18:30:40
INFO  2016-06-29 18:30:40,180 [loginfo] 测试任务9,输出当前时间,当前系统时间:2016-06-29 18:30:40
INFO  2016-06-29 18:30:40,180 [loginfo] 测试任务8,输出当前时间,当前系统时间:2016-06-29 18:30:40
INFO  2016-06-29 18:30:40,180 [loginfo] 测试任务10,输出当前时间,当前系统时间:2016-06-29 18:30:40
INFO  2016-06-29 18:30:40,180 [loginfo] 测试任务3,输出当前时间,当前系统时间:2016-06-29 18:30:40
INFO  2016-06-29 18:30:40,180 [loginfo] 测试任务4,输出当前时间,当前系统时间:2016-06-29 18:30:40
INFO  2016-06-29 18:30:40,181 [loginfo] 测试任务6,输出当前时间,当前系统时间:2016-06-29 18:30:40
INFO  2016-06-29 18:30:40,180 [loginfo] 测试任务5,输出当前时间,当前系统时间:2016-06-29 18:30:40
INFO  2016-06-29 18:30:40,181 [loginfo] 测试任务12,输出当前时间,当前系统时间:2016-06-29 18:30:40
INFO  2016-06-29 18:30:40,182 [loginfo] 测试任务11,输出当前时间,当前系统时间:2016-06-29 18:30:40
INFO  2016-06-29 18:30:40,309 [loginfo] 测试任务1,输出当前时间,当前系统时间:2016-06-29 18:30:40
INFO  2016-06-29 18:30:40,351 [loginfo] 测试任务2,输出当前时间,当前系统时间:2016-06-29 18:30:40
INFO  2016-06-29 18:30:50,010 [loginfo] 测试任务11,输出当前时间,当前系统时间:2016-06-29 18:30:50
INFO  2016-06-29 18:30:50,010 [loginfo] 测试任务12,输出当前时间,当前系统时间:2016-06-29 18:30:50
INFO  2016-06-29 18:30:50,038 [loginfo] 测试任务4,输出当前时间,当前系统时间:2016-06-29 18:30:50
INFO  2016-06-29 18:30:50,038 [loginfo] 测试任务3,输出当前时间,当前系统时间:2016-06-29 18:30:50
INFO  2016-06-29 18:30:50,046 [loginfo] 测试任务5,输出当前时间,当前系统时间:2016-06-29 18:30:50
INFO  2016-06-29 18:30:50,061 [loginfo] 测试任务8,输出当前时间,当前系统时间:2016-06-29 18:30:50
INFO  2016-06-29 18:30:50,061 [loginfo] 测试任务6,输出当前时间,当前系统时间:2016-06-29 18:30:50
INFO  2016-06-29 18:30:50,066 [loginfo] 测试任务9,输出当前时间,当前系统时间:2016-06-29 18:30:50
INFO  2016-06-29 18:30:50,084 [loginfo] 测试任务10,输出当前时间,当前系统时间:2016-06-29 18:30:50
INFO  2016-06-29 18:30:50,185 [loginfo] 测试任务2,输出当前时间,当前系统时间:2016-06-29 18:30:50
INFO  2016-06-29 18:30:50,213 [loginfo] 测试任务7,输出当前时间,当前系统时间:2016-06-29 18:30:50
INFO  2016-06-29 18:30:50,217 [loginfo] 测试任务1,输出当前时间,当前系统时间:2016-06-29 18:30:50
INFO  2016-06-29 18:31:00,019 [loginfo] 测试任务11,输出当前时间,当前系统时间:2016-06-29 18:31:00
INFO  2016-06-29 18:31:00,020 [loginfo] 测试任务12,输出当前时间,当前系统时间:2016-06-29 18:31:00
INFO  2016-06-29 18:31:00,036 [loginfo] 测试任务3,输出当前时间,当前系统时间:2016-06-29 18:31:00
INFO  2016-06-29 18:31:00,036 [loginfo] 测试任务5,输出当前时间,当前系统时间:2016-06-29 18:31:00
INFO  2016-06-29 18:31:00,111 [loginfo] 测试任务4,输出当前时间,当前系统时间:2016-06-29 18:31:00
INFO  2016-06-29 18:31:00,158 [loginfo] 测试任务7,输出当前时间,当前系统时间:2016-06-29 18:31:00
INFO  2016-06-29 18:31:00,158 [loginfo] 测试任务9,输出当前时间,当前系统时间:2016-06-29 18:31:00
INFO  2016-06-29 18:31:00,158 [loginfo] 测试任务10,输出当前时间,当前系统时间:2016-06-29 18:31:00
INFO  2016-06-29 18:31:00,158 [loginfo] 测试任务6,输出当前时间,当前系统时间:2016-06-29 18:31:00
INFO  2016-06-29 18:31:00,158 [loginfo] 测试任务8,输出当前时间,当前系统时间:2016-06-29 18:31:00
INFO  2016-06-29 18:31:00,349 [loginfo] 测试任务1,输出当前时间,当前系统时间:2016-06-29 18:31:00
INFO  2016-06-29 18:31:00,349 [loginfo] 测试任务2,输出当前时间,当前系统时间:2016-06-29 18:31:00
INFO  2016-06-29 18:31:10,044 [loginfo] 测试任务12,输出当前时间,当前系统时间:2016-06-29 18:31:10
INFO  2016-06-29 18:31:10,044 [loginfo] 测试任务11,输出当前时间,当前系统时间:2016-06-29 18:31:10
INFO  2016-06-29 18:31:10,045 [loginfo] 测试任务6,输出当前时间,当前系统时间:2016-06-29 18:31:10
INFO  2016-06-29 18:31:10,045 [loginfo] 测试任务5,输出当前时间,当前系统时间:2016-06-29 18:31:10
INFO  2016-06-29 18:31:10,049 [loginfo] 测试任务10,输出当前时间,当前系统时间:2016-06-29 18:31:10
INFO  2016-06-29 18:31:10,049 [loginfo] 测试任务9,输出当前时间,当前系统时间:2016-06-29 18:31:10
INFO  2016-06-29 18:31:10,066 [loginfo] 测试任务4,输出当前时间,当前系统时间:2016-06-29 18:31:10
INFO  2016-06-29 18:31:10,067 [loginfo] 测试任务3,输出当前时间,当前系统时间:2016-06-29 18:31:10
INFO  2016-06-29 18:31:10,066 [loginfo] 测试任务7,输出当前时间,当前系统时间:2016-06-29 18:31:10
INFO  2016-06-29 18:31:10,114 [loginfo] 测试任务2,输出当前时间,当前系统时间:2016-06-29 18:31:10
INFO  2016-06-29 18:31:10,114 [loginfo] 测试任务8,输出当前时间,当前系统时间:2016-06-29 18:31:10
INFO  2016-06-29 18:31:10,114 [loginfo] 测试任务1,输出当前时间,当前系统时间:2016-06-29 18:31:10
INFO  2016-06-29 18:31:20,038 [loginfo] 测试任务3,输出当前时间,当前系统时间:2016-06-29 18:31:20
INFO  2016-06-29 18:31:20,038 [loginfo] 测试任务8,输出当前时间,当前系统时间:2016-06-29 18:31:20
INFO  2016-06-29 18:31:20,038 [loginfo] 测试任务11,输出当前时间,当前系统时间:2016-06-29 18:31:20
INFO  2016-06-29 18:31:20,038 [loginfo] 测试任务9,输出当前时间,当前系统时间:2016-06-29 18:31:20
INFO  2016-06-29 18:31:20,039 [loginfo] 测试任务4,输出当前时间,当前系统时间:2016-06-29 18:31:20
INFO  2016-06-29 18:31:20,041 [loginfo] 测试任务5,输出当前时间,当前系统时间:2016-06-29 18:31:20
INFO  2016-06-29 18:31:20,062 [loginfo] 测试任务7,输出当前时间,当前系统时间:2016-06-29 18:31:20
INFO  2016-06-29 18:31:20,066 [loginfo] 测试任务6,输出当前时间,当前系统时间:2016-06-29 18:31:20
INFO  2016-06-29 18:31:20,066 [loginfo] 测试任务12,输出当前时间,当前系统时间:2016-06-29 18:31:20
INFO  2016-06-29 18:31:20,106 [loginfo] 测试任务2,输出当前时间,当前系统时间:2016-06-29 18:31:20
INFO  2016-06-29 18:31:20,106 [loginfo] 测试任务10,输出当前时间,当前系统时间:2016-06-29 18:31:20
INFO  2016-06-29 18:31:20,106 [loginfo] 测试任务1,输出当前时间,当前系统时间:2016-06-29 18:31:20
INFO  2016-06-29 18:31:30,009 [loginfo] 测试任务11,输出当前时间,当前系统时间:2016-06-29 18:31:30
INFO  2016-06-29 18:31:30,034 [loginfo] 测试任务12,输出当前时间,当前系统时间:2016-06-29 18:31:30
INFO  2016-06-29 18:31:30,037 [loginfo] 测试任务4,输出当前时间,当前系统时间:2016-06-29 18:31:30
INFO  2016-06-29 18:31:30,037 [loginfo] 测试任务9,输出当前时间,当前系统时间:2016-06-29 18:31:30
INFO  2016-06-29 18:31:30,053 [loginfo] 测试任务3,输出当前时间,当前系统时间:2016-06-29 18:31:30
INFO  2016-06-29 18:31:30,053 [loginfo] 测试任务5,输出当前时间,当前系统时间:2016-06-29 18:31:30
INFO  2016-06-29 18:31:30,053 [loginfo] 测试任务8,输出当前时间,当前系统时间:2016-06-29 18:31:30
INFO  2016-06-29 18:31:30,053 [loginfo] 测试任务10,输出当前时间,当前系统时间:2016-06-29 18:31:30
INFO  2016-06-29 18:31:30,056 [loginfo] 测试任务7,输出当前时间,当前系统时间:2016-06-29 18:31:30
INFO  2016-06-29 18:31:30,137 [loginfo] 测试任务2,输出当前时间,当前系统时间:2016-06-29 18:31:30
INFO  2016-06-29 18:31:30,139 [loginfo] 测试任务1,输出当前时间,当前系统时间:2016-06-29 18:31:30
INFO  2016-06-29 18:31:30,140 [loginfo] 测试任务6,输出当前时间,当前系统时间:2016-06-29 18:31:30
INFO  2016-06-29 18:31:40,042 [loginfo] 测试任务11,输出当前时间,当前系统时间:2016-06-29 18:31:40
INFO  2016-06-29 18:31:40,076 [loginfo] 测试任务5,输出当前时间,当前系统时间:2016-06-29 18:31:40
INFO  2016-06-29 18:31:40,076 [loginfo] 测试任务8,输出当前时间,当前系统时间:2016-06-29 18:31:40
INFO  2016-06-29 18:31:40,076 [loginfo] 测试任务9,输出当前时间,当前系统时间:2016-06-29 18:31:40
INFO  2016-06-29 18:31:40,076 [loginfo] 测试任务4,输出当前时间,当前系统时间:2016-06-29 18:31:40
INFO  2016-06-29 18:31:40,076 [loginfo] 测试任务12,输出当前时间,当前系统时间:2016-06-29 18:31:40
INFO  2016-06-29 18:31:40,077 [loginfo] 测试任务10,输出当前时间,当前系统时间:2016-06-29 18:31:40
INFO  2016-06-29 18:31:40,077 [loginfo] 测试任务6,输出当前时间,当前系统时间:2016-06-29 18:31:40
INFO  2016-06-29 18:31:40,077 [loginfo] 测试任务3,输出当前时间,当前系统时间:2016-06-29 18:31:40
INFO  2016-06-29 18:31:40,078 [loginfo] 测试任务7,输出当前时间,当前系统时间:2016-06-29 18:31:40
INFO  2016-06-29 18:31:40,111 [loginfo] 测试任务1,输出当前时间,当前系统时间:2016-06-29 18:31:40
INFO  2016-06-29 18:31:40,127 [loginfo] 测试任务2,输出当前时间,当前系统时间:2016-06-29 18:31:40
INFO  2016-06-29 18:31:50,011 [loginfo] 测试任务11,输出当前时间,当前系统时间:2016-06-29 18:31:50
INFO  2016-06-29 18:31:50,034 [loginfo] 测试任务12,输出当前时间,当前系统时间:2016-06-29 18:31:50
INFO  2016-06-29 18:31:50,035 [loginfo] 测试任务10,输出当前时间,当前系统时间:2016-06-29 18:31:50
INFO  2016-06-29 18:31:50,051 [loginfo] 测试任务5,输出当前时间,当前系统时间:2016-06-29 18:31:50
INFO  2016-06-29 18:31:50,051 [loginfo] 测试任务4,输出当前时间,当前系统时间:2016-06-29 18:31:50
INFO  2016-06-29 18:31:50,051 [loginfo] 测试任务9,输出当前时间,当前系统时间:2016-06-29 18:31:50
INFO  2016-06-29 18:31:50,052 [loginfo] 测试任务3,输出当前时间,当前系统时间:2016-06-29 18:31:50
INFO  2016-06-29 18:31:50,052 [loginfo] 测试任务7,输出当前时间,当前系统时间:2016-06-29 18:31:50
INFO  2016-06-29 18:31:50,064 [loginfo] 测试任务8,输出当前时间,当前系统时间:2016-06-29 18:31:50
INFO  2016-06-29 18:31:50,072 [loginfo] 测试任务6,输出当前时间,当前系统时间:2016-06-29 18:31:50
INFO  2016-06-29 18:31:50,130 [loginfo] 测试任务2,输出当前时间,当前系统时间:2016-06-29 18:31:50
INFO  2016-06-29 18:31:50,130 [loginfo] 测试任务1,输出当前时间,当前系统时间:2016-06-29 18:31:50
INFO  2016-06-29 18:32:00,022 [loginfo] 测试任务11,输出当前时间,当前系统时间:2016-06-29 18:32:00
INFO  2016-06-29 18:32:00,055 [loginfo] 测试任务7,输出当前时间,当前系统时间:2016-06-29 18:32:00
INFO  2016-06-29 18:32:00,055 [loginfo] 测试任务5,输出当前时间,当前系统时间:2016-06-29 18:32:00
INFO  2016-06-29 18:32:00,056 [loginfo] 测试任务3,输出当前时间,当前系统时间:2016-06-29 18:32:00
INFO  2016-06-29 18:32:00,055 [loginfo] 测试任务12,输出当前时间,当前系统时间:2016-06-29 18:32:00
INFO  2016-06-29 18:32:00,056 [loginfo] 测试任务8,输出当前时间,当前系统时间:2016-06-29 18:32:00
INFO  2016-06-29 18:32:00,056 [loginfo] 测试任务10,输出当前时间,当前系统时间:2016-06-29 18:32:00
INFO  2016-06-29 18:32:00,056 [loginfo] 测试任务6,输出当前时间,当前系统时间:2016-06-29 18:32:00
INFO  2016-06-29 18:32:00,071 [loginfo] 测试任务9,输出当前时间,当前系统时间:2016-06-29 18:32:00
INFO  2016-06-29 18:32:00,083 [loginfo] 测试任务1,输出当前时间,当前系统时间:2016-06-29 18:32:00
INFO  2016-06-29 18:32:00,083 [loginfo] 测试任务4,输出当前时间,当前系统时间:2016-06-29 18:32:00
INFO  2016-06-29 18:32:00,099 [loginfo] 测试任务2,输出当前时间,当前系统时间:2016-06-29 18:32:00
INFO  2016-06-29 18:32:10,016 [loginfo] 测试任务3,输出当前时间,当前系统时间:2016-06-29 18:32:10
INFO  2016-06-29 18:32:10,016 [loginfo] 测试任务12,输出当前时间,当前系统时间:2016-06-29 18:32:10
INFO  2016-06-29 18:32:10,016 [loginfo] 测试任务11,输出当前时间,当前系统时间:2016-06-29 18:32:10
INFO  2016-06-29 18:32:10,036 [loginfo] 测试任务4,输出当前时间,当前系统时间:2016-06-29 18:32:10
INFO  2016-06-29 18:32:10,045 [loginfo] 测试任务5,输出当前时间,当前系统时间:2016-06-29 18:32:10
INFO  2016-06-29 18:32:10,045 [loginfo] 测试任务8,输出当前时间,当前系统时间:2016-06-29 18:32:10
INFO  2016-06-29 18:32:10,045 [loginfo] 测试任务10,输出当前时间,当前系统时间:2016-06-29 18:32:10
INFO  2016-06-29 18:32:10,046 [loginfo] 测试任务9,输出当前时间,当前系统时间:2016-06-29 18:32:10
INFO  2016-06-29 18:32:10,081 [loginfo] 测试任务6,输出当前时间,当前系统时间:2016-06-29 18:32:10
INFO  2016-06-29 18:32:10,082 [loginfo] 测试任务7,输出当前时间,当前系统时间:2016-06-29 18:32:10
INFO  2016-06-29 18:32:10,100 [loginfo] 测试任务1,输出当前时间,当前系统时间:2016-06-29 18:32:10
INFO  2016-06-29 18:32:10,101 [loginfo] 测试任务2,输出当前时间,当前系统时间:2016-06-29 18:32:10
